TN:
SF:js/domino/AutocompleteEngine.js
FN:9,(anonymous_0)
FN:15,(anonymous_1)
FN:20,(anonymous_2)
FN:28,(anonymous_3)
FN:41,(anonymous_4)
FN:47,(anonymous_5)
FN:52,(anonymous_6)
FN:61,(anonymous_7)
FN:62,(anonymous_8)
FN:76,(anonymous_9)
FN:79,(anonymous_10)
FN:80,(anonymous_11)
FN:82,(anonymous_12)
FN:87,(anonymous_13)
FN:92,(anonymous_14)
FN:96,(anonymous_15)
FN:103,(anonymous_16)
FN:115,(anonymous_17)
FNF:18
FNH:17
FNDA:41,(anonymous_0)
FNDA:17,(anonymous_1)
FNDA:66,(anonymous_2)
FNDA:60,(anonymous_3)
FNDA:86,(anonymous_4)
FNDA:56,(anonymous_5)
FNDA:18,(anonymous_6)
FNDA:32,(anonymous_7)
FNDA:19,(anonymous_8)
FNDA:6,(anonymous_9)
FNDA:3,(anonymous_10)
FNDA:3,(anonymous_11)
FNDA:5,(anonymous_12)
FNDA:0,(anonymous_13)
FNDA:12,(anonymous_14)
FNDA:13,(anonymous_15)
FNDA:10,(anonymous_16)
FNDA:9,(anonymous_17)
DA:3,2
DA:4,2
DA:5,2
DA:6,2
DA:10,41
DA:11,41
DA:12,41
DA:16,17
DA:17,17
DA:19,16
DA:20,16
DA:21,66
DA:22,66
DA:23,61
DA:25,16
DA:27,16
DA:28,16
DA:29,60
DA:30,60
DA:31,16
DA:32,30
DA:33,30
DA:34,30
DA:37,44
DA:38,86
DA:39,86
DA:40,86
DA:41,86
DA:42,86
DA:43,86
DA:47,60
DA:49,16
DA:53,18
DA:54,18
DA:55,14
DA:56,14
DA:57,14
DA:58,14
DA:59,14
DA:60,14
DA:61,32
DA:62,19
DA:65,4
DA:66,4
DA:67,4
DA:68,4
DA:69,4
DA:70,4
DA:71,4
DA:72,4
DA:73,4
DA:74,4
DA:75,4
DA:76,6
DA:78,4
DA:79,4
DA:80,4
DA:82,5
DA:83,1
DA:85,4
DA:86,0
DA:87,0
DA:89,4
DA:93,12
DA:94,12
DA:95,11
DA:96,11
DA:97,13
DA:98,13
DA:99,13
DA:104,10
DA:105,10
DA:107,9
DA:108,9
DA:109,9
DA:110,9
DA:111,9
DA:113,9
DA:115,9
DA:116,9
DA:117,9
DA:118,9
DA:119,9
DA:121,9
LF:84
LH:82
BRDA:17,0,0,1
BRDA:17,0,1,16
BRDA:17,1,0,17
BRDA:17,1,1,17
BRDA:20,2,0,16
BRDA:20,2,1,0
BRDA:21,3,0,0
BRDA:21,3,1,66
BRDA:22,4,0,5
BRDA:22,4,1,61
BRDA:23,5,0,1
BRDA:23,5,1,60
BRDA:30,6,0,16
BRDA:30,6,1,44
BRDA:32,7,0,0
BRDA:32,7,1,30
BRDA:33,8,0,30
BRDA:33,8,1,0
BRDA:34,9,0,30
BRDA:34,9,1,0
BRDA:38,10,0,0
BRDA:38,10,1,86
BRDA:40,11,0,14
BRDA:40,11,1,72
BRDA:40,12,0,86
BRDA:40,12,1,86
BRDA:41,13,0,86
BRDA:41,13,1,0
BRDA:42,14,0,0
BRDA:42,14,1,86
BRDA:53,15,0,18
BRDA:53,15,1,0
BRDA:54,16,0,14
BRDA:54,16,1,4
BRDA:55,17,0,14
BRDA:55,17,1,0
BRDA:57,18,0,1
BRDA:57,18,1,13
BRDA:58,19,0,1
BRDA:58,19,1,13
BRDA:59,20,0,6
BRDA:59,20,1,8
BRDA:70,21,0,4
BRDA:70,21,1,0
BRDA:72,22,0,4
BRDA:72,22,1,0
BRDA:75,23,0,4
BRDA:75,23,1,1
BRDA:78,24,0,0
BRDA:78,24,1,4
BRDA:79,25,0,1
BRDA:79,25,1,2
BRDA:82,26,0,1
BRDA:82,26,1,3
BRDA:82,27,0,4
BRDA:82,27,1,4
BRDA:82,27,2,1
BRDA:85,28,0,0
BRDA:85,28,1,4
BRDA:86,29,0,0
BRDA:86,29,1,0
BRDA:94,30,0,1
BRDA:94,30,1,11
BRDA:105,31,0,1
BRDA:105,31,1,9
BRDA:108,32,0,9
BRDA:108,32,1,0
BRDA:113,33,0,9
BRDA:113,33,1,0
BRDA:115,34,0,9
BRDA:115,34,1,9
BRDA:116,35,0,9
BRDA:116,35,1,0
BRF:73
BRH:54
end_of_record
TN:
SF:js/domino/DetailDrawer.js
FN:10,(anonymous_0)
FN:14,(anonymous_1)
FN:15,(anonymous_2)
FN:16,(anonymous_3)
FN:18,(anonymous_4)
FN:39,(anonymous_5)
FN:44,(anonymous_6)
FN:48,(anonymous_7)
FN:59,(anonymous_8)
FN:70,(anonymous_9)
FN:78,(anonymous_10)
FN:80,(anonymous_11)
FN:90,(anonymous_12)
FN:103,(anonymous_13)
FN:127,(anonymous_14)
FN:160,(anonymous_15)
FN:172,(anonymous_16)
FN:172,(anonymous_17)
FN:173,(anonymous_18)
FN:174,(anonymous_19)
FN:179,(anonymous_20)
FN:195,(anonymous_21)
FNF:22
FNH:22
FNDA:63,(anonymous_0)
FNDA:12,(anonymous_1)
FNDA:1,(anonymous_2)
FNDA:1,(anonymous_3)
FNDA:19,(anonymous_4)
FNDA:6,(anonymous_5)
FNDA:6,(anonymous_6)
FNDA:54,(anonymous_7)
FNDA:2,(anonymous_8)
FNDA:2,(anonymous_9)
FNDA:3,(anonymous_10)
FNDA:33,(anonymous_11)
FNDA:4,(anonymous_12)
FNDA:44,(anonymous_13)
FNDA:13,(anonymous_14)
FNDA:67,(anonymous_15)
FNDA:55,(anonymous_16)
FNDA:214,(anonymous_17)
FNDA:54,(anonymous_18)
FNDA:54,(anonymous_19)
FNDA:1,(anonymous_20)
FNDA:4,(anonymous_21)
DA:6,2
DA:7,2
DA:11,63
DA:15,12
DA:16,12
DA:18,12
DA:19,19
DA:20,7
DA:21,7
DA:22,1
DA:23,1
DA:24,1
DA:26,6
DA:27,6
DA:28,1
DA:29,1
DA:30,1
DA:31,1
DA:32,1
DA:33,1
DA:34,1
DA:40,6
DA:41,6
DA:45,6
DA:49,54
DA:50,54
DA:51,54
DA:53,53
DA:54,2
DA:55,2
DA:56,2
DA:58,51
DA:59,2
DA:60,2
DA:62,49
DA:63,49
DA:64,15
DA:65,15
DA:67,34
DA:68,3
DA:70,2
DA:73,3
DA:76,31
DA:77,31
DA:78,31
DA:80,31
DA:81,33
DA:82,4
DA:83,4
DA:84,4
DA:85,4
DA:88,31
DA:89,2
DA:90,2
DA:91,4
DA:92,4
DA:93,4
DA:95,2
DA:97,29
DA:98,29
DA:100,31
DA:104,44
DA:105,44
DA:106,44
DA:107,44
DA:108,44
DA:109,44
DA:110,44
DA:111,0
DA:112,0
DA:113,0
DA:114,0
DA:115,0
DA:116,0
DA:117,0
DA:119,0
DA:120,0
DA:122,44
DA:124,44
DA:128,13
DA:129,13
DA:130,13
DA:131,13
DA:132,13
DA:133,13
DA:135,13
DA:136,13
DA:137,13
DA:138,13
DA:140,13
DA:142,13
DA:143,13
DA:144,13
DA:145,13
DA:146,13
DA:147,13
DA:149,13
DA:151,13
DA:157,13
DA:158,13
DA:160,13
DA:161,67
DA:162,67
DA:163,42
DA:164,42
DA:165,42
DA:166,42
DA:167,42
DA:168,42
DA:171,13
DA:172,214
DA:173,54
DA:174,54
DA:176,13
DA:177,13
DA:179,13
DA:180,1
DA:181,1
DA:182,1
DA:183,1
DA:184,1
DA:187,13
DA:188,13
DA:189,13
DA:190,12
DA:191,12
DA:196,4
DA:197,4
DA:198,4
DA:199,4
DA:200,4
DA:201,4
DA:202,3
DA:234,4
DA:235,4
LF:135
LH:126
BRDA:19,0,0,12
BRDA:19,0,1,7
BRDA:21,1,0,1
BRDA:21,1,1,6
BRDA:27,2,0,1
BRDA:27,2,1,5
BRDA:27,3,0,6
BRDA:27,3,1,6
BRDA:30,4,0,1
BRDA:30,4,1,0
BRDA:51,5,0,1
BRDA:51,5,1,53
BRDA:53,6,0,2
BRDA:53,6,1,51
BRDA:58,7,0,2
BRDA:58,7,1,49
BRDA:63,8,0,15
BRDA:63,8,1,34
BRDA:67,9,0,3
BRDA:67,9,1,31
BRDA:69,10,0,1
BRDA:69,10,1,2
BRDA:71,11,0,2
BRDA:71,11,1,0
BRDA:77,12,0,31
BRDA:77,12,1,3
BRDA:78,13,0,31
BRDA:78,13,1,28
BRDA:81,14,0,29
BRDA:81,14,1,4
BRDA:83,15,0,2
BRDA:83,15,1,2
BRDA:84,16,0,2
BRDA:84,16,1,2
BRDA:88,17,0,2
BRDA:88,17,1,29
BRDA:97,18,0,29
BRDA:97,18,1,0
BRDA:106,19,0,1
BRDA:106,19,1,43
BRDA:110,20,0,0
BRDA:110,20,1,44
BRDA:118,21,0,0
BRDA:118,21,1,0
BRDA:119,22,0,0
BRDA:119,22,1,0
BRDA:127,23,0,11
BRDA:129,24,0,13
BRDA:129,24,1,11
BRDA:130,25,0,13
BRDA:130,25,1,1
BRDA:131,26,0,13
BRDA:131,26,1,0
BRDA:133,27,0,2
BRDA:133,27,1,11
BRDA:133,28,0,11
BRDA:133,28,1,1
BRDA:138,29,0,13
BRDA:138,29,1,13
BRDA:140,30,0,3
BRDA:140,30,1,10
BRDA:146,31,0,13
BRDA:146,31,1,1
BRDA:149,32,0,11
BRDA:149,32,1,2
BRDA:149,33,0,11
BRDA:149,33,1,1
BRDA:149,33,2,0
BRDA:154,34,0,10
BRDA:154,34,1,3
BRDA:161,35,0,0
BRDA:161,35,1,67
BRDA:162,36,0,25
BRDA:162,36,1,42
BRDA:163,37,0,0
BRDA:163,37,1,42
BRDA:163,38,0,42
BRDA:163,38,1,42
BRDA:177,39,0,13
BRDA:177,39,1,0
BRDA:177,40,0,13
BRDA:177,40,1,13
BRDA:181,41,0,0
BRDA:181,41,1,1
BRDA:189,42,0,12
BRDA:189,42,1,1
BRDA:200,43,0,3
BRDA:200,43,1,1
BRDA:201,44,0,3
BRDA:201,44,1,1
BRF:90
BRH:76
end_of_record
TN:
SF:js/domino/DominoApp.js
FN:12,(anonymous_0)
FN:21,(anonymous_1)
FN:43,(anonymous_2)
FN:49,(anonymous_3)
FN:52,(anonymous_4)
FN:56,(anonymous_5)
FN:61,(anonymous_6)
FN:72,(anonymous_7)
FN:78,(anonymous_8)
FN:83,(anonymous_9)
FN:88,(anonymous_10)
FN:102,(anonymous_11)
FN:106,(anonymous_12)
FN:121,(anonymous_13)
FN:143,(anonymous_14)
FN:148,(anonymous_15)
FN:149,(anonymous_16)
FN:155,(anonymous_17)
FN:164,(anonymous_18)
FN:168,(anonymous_19)
FN:176,(anonymous_20)
FN:177,(anonymous_21)
FN:196,(anonymous_22)
FN:203,(anonymous_23)
FN:207,(anonymous_24)
FN:220,(anonymous_25)
FN:226,(anonymous_26)
FN:236,(anonymous_27)
FNF:28
FNH:15
FNDA:22,(anonymous_0)
FNDA:7,(anonymous_1)
FNDA:8,(anonymous_2)
FNDA:0,(anonymous_3)
FNDA:0,(anonymous_4)
FNDA:1,(anonymous_5)
FNDA:1,(anonymous_6)
FNDA:1,(anonymous_7)
FNDA:1,(anonymous_8)
FNDA:1,(anonymous_9)
FNDA:1,(anonymous_10)
FNDA:0,(anonymous_11)
FNDA:17,(anonymous_12)
FNDA:13,(anonymous_13)
FNDA:0,(anonymous_14)
FNDA:7,(anonymous_15)
FNDA:0,(anonymous_16)
FNDA:0,(anonymous_17)
FNDA:7,(anonymous_18)
FNDA:2,(anonymous_19)
FNDA:7,(anonymous_20)
FNDA:0,(anonymous_21)
FNDA:0,(anonymous_22)
FNDA:0,(anonymous_23)
FNDA:0,(anonymous_24)
FNDA:0,(anonymous_25)
FNDA:0,(anonymous_26)
FNDA:0,(anonymous_27)
DA:13,22
DA:14,22
DA:15,22
DA:16,22
DA:17,22
DA:18,22
DA:22,7
DA:23,7
DA:24,7
DA:26,7
DA:27,7
DA:28,5
DA:31,7
DA:32,7
DA:34,7
DA:35,7
DA:37,7
DA:38,7
DA:39,7
DA:40,7
DA:44,8
DA:45,8
DA:46,8
DA:47,8
DA:49,8
DA:50,0
DA:52,8
DA:53,0
DA:56,8
DA:57,1
DA:58,1
DA:61,8
DA:62,1
DA:63,1
DA:64,1
DA:65,1
DA:66,1
DA:67,1
DA:68,1
DA:69,1
DA:72,8
DA:73,1
DA:74,1
DA:75,1
DA:78,8
DA:79,1
DA:80,1
DA:83,8
DA:84,1
DA:85,1
DA:88,8
DA:89,1
DA:90,1
DA:91,1
DA:92,1
DA:97,8
DA:100,8
DA:101,0
DA:102,0
DA:107,17
DA:108,17
DA:109,17
DA:110,17
DA:112,14
DA:114,13
DA:117,13
DA:118,11
DA:122,13
DA:123,13
DA:124,11
DA:125,11
DA:126,11
DA:128,8
DA:133,8
DA:134,8
DA:135,8
DA:136,8
DA:137,8
DA:138,8
DA:139,8
DA:141,11
DA:142,11
DA:143,11
DA:145,11
DA:149,7
DA:150,0
DA:151,0
DA:152,0
DA:153,0
DA:154,0
DA:155,0
DA:156,0
DA:157,0
DA:158,0
DA:160,0
DA:165,7
DA:169,2
DA:170,2
DA:171,1
DA:172,1
DA:173,1
DA:177,7
DA:178,0
DA:179,0
DA:180,0
DA:181,0
DA:182,0
DA:183,0
DA:186,0
DA:187,0
DA:188,0
DA:189,0
DA:192,0
DA:193,0
DA:195,0
DA:197,0
DA:198,0
DA:199,0
DA:201,0
DA:204,0
DA:205,0
DA:207,0
DA:208,0
DA:209,0
DA:210,0
DA:211,0
DA:212,0
DA:214,0
DA:215,0
DA:216,0
DA:218,0
DA:219,0
DA:220,0
DA:221,0
DA:225,0
DA:226,0
DA:227,0
DA:228,0
DA:229,0
DA:233,0
DA:236,0
LF:141
LH:88
BRDA:27,0,0,5
BRDA:27,0,1,2
BRDA:32,1,0,0
BRDA:32,1,1,7
BRDA:35,2,0,0
BRDA:35,2,1,7
BRDA:65,3,0,1
BRDA:65,3,1,0
BRDA:85,4,0,1
BRDA:85,4,1,0
BRDA:89,5,0,1
BRDA:89,5,1,0
BRDA:90,6,0,1
BRDA:90,6,1,0
BRDA:97,7,0,8
BRDA:97,7,1,8
BRDA:97,7,2,8
BRDA:100,8,0,0
BRDA:100,8,1,8
BRDA:100,9,0,8
BRDA:100,9,1,0
BRDA:109,10,0,17
BRDA:109,10,1,15
BRDA:109,10,2,15
BRDA:109,10,3,14
BRDA:110,11,0,3
BRDA:110,11,1,14
BRDA:110,12,0,17
BRDA:110,12,1,3
BRDA:112,13,0,1
BRDA:112,13,1,13
BRDA:114,14,0,13
BRDA:114,14,1,11
BRDA:114,14,2,11
BRDA:117,15,0,2
BRDA:117,15,1,11
BRDA:117,16,0,13
BRDA:117,16,1,2
BRDA:123,17,0,2
BRDA:123,17,1,11
BRDA:124,18,0,11
BRDA:124,18,1,0
BRDA:125,19,0,11
BRDA:125,19,1,11
BRDA:126,20,0,8
BRDA:126,20,1,3
BRDA:128,21,0,8
BRDA:128,21,1,0
BRDA:128,21,2,0
BRDA:128,21,3,0
BRDA:128,21,4,0
BRDA:133,22,0,0
BRDA:133,22,1,8
BRDA:141,23,0,11
BRDA:141,23,1,0
BRDA:145,24,0,1
BRDA:145,24,1,10
BRDA:153,25,0,0
BRDA:153,25,1,0
BRDA:170,26,0,1
BRDA:170,26,1,1
BRDA:181,27,0,0
BRDA:181,27,1,0
BRDA:181,28,0,0
BRDA:181,28,1,0
BRDA:181,28,2,0
BRDA:187,29,0,0
BRDA:187,29,1,0
BRDA:187,30,0,0
BRDA:187,30,1,0
BRDA:197,31,0,0
BRDA:197,31,1,0
BRDA:199,32,0,0
BRDA:199,32,1,0
BRDA:209,33,0,0
BRDA:209,33,1,0
BRDA:215,34,0,0
BRDA:215,34,1,0
BRDA:218,35,0,0
BRDA:218,35,1,0
BRDA:218,36,0,0
BRDA:218,36,1,0
BRDA:221,37,0,0
BRDA:221,37,1,0
BRDA:225,38,0,0
BRDA:225,38,1,0
BRDA:227,39,0,0
BRDA:227,39,1,0
BRF:88
BRH:44
end_of_record
TN:
SF:js/domino/GraphRenderer.js
FN:5,(anonymous_0)
FN:20,(anonymous_1)
FN:26,(anonymous_2)
FN:36,(anonymous_3)
FN:47,(anonymous_4)
FN:53,(anonymous_5)
FN:81,(anonymous_6)
FN:98,(anonymous_7)
FN:100,(anonymous_8)
FN:104,(anonymous_9)
FN:105,(anonymous_10)
FN:109,(anonymous_11)
FN:116,(anonymous_12)
FN:119,(anonymous_13)
FN:130,(anonymous_14)
FN:132,(anonymous_15)
FN:134,(anonymous_16)
FN:134,(anonymous_17)
FN:135,(anonymous_18)
FN:141,(anonymous_19)
FN:147,(anonymous_20)
FN:147,(anonymous_21)
FN:148,(anonymous_22)
FN:148,(anonymous_23)
FN:153,(anonymous_24)
FN:182,(anonymous_25)
FN:190,(anonymous_26)
FN:192,(anonymous_27)
FN:200,(anonymous_28)
FN:208,(anonymous_29)
FN:221,(anonymous_30)
FN:226,(anonymous_31)
FN:233,(anonymous_32)
FN:254,(anonymous_33)
FN:264,(anonymous_34)
FN:269,(anonymous_35)
FN:270,(anonymous_36)
FN:276,(anonymous_37)
FN:277,(anonymous_38)
FNF:39
FNH:15
FNDA:50,(anonymous_0)
FNDA:11,(anonymous_1)
FNDA:7,(anonymous_2)
FNDA:2,(anonymous_3)
FNDA:16,(anonymous_4)
FNDA:0,(anonymous_5)
FNDA:0,(anonymous_6)
FNDA:0,(anonymous_7)
FNDA:0,(anonymous_8)
FNDA:0,(anonymous_9)
FNDA:0,(anonymous_10)
FNDA:0,(anonymous_11)
FNDA:0,(anonymous_12)
FNDA:0,(anonymous_13)
FNDA:0,(anonymous_14)
FNDA:1,(anonymous_15)
FNDA:0,(anonymous_16)
FNDA:0,(anonymous_17)
FNDA:0,(anonymous_18)
FNDA:0,(anonymous_19)
FNDA:0,(anonymous_20)
FNDA:0,(anonymous_21)
FNDA:0,(anonymous_22)
FNDA:0,(anonymous_23)
FNDA:40,(anonymous_24)
FNDA:4,(anonymous_25)
FNDA:1,(anonymous_26)
FNDA:2,(anonymous_27)
FNDA:1,(anonymous_28)
FNDA:3,(anonymous_29)
FNDA:3,(anonymous_30)
FNDA:1,(anonymous_31)
FNDA:1,(anonymous_32)
FNDA:0,(anonymous_33)
FNDA:0,(anonymous_34)
FNDA:0,(anonymous_35)
FNDA:0,(anonymous_36)
FNDA:0,(anonymous_37)
FNDA:0,(anonymous_38)
DA:6,50
DA:7,50
DA:8,50
DA:9,50
DA:10,50
DA:11,50
DA:12,50
DA:13,50
DA:14,50
DA:15,50
DA:16,50
DA:17,50
DA:21,11
DA:22,11
DA:23,10
DA:24,10
DA:26,11
DA:27,7
DA:28,7
DA:29,1
DA:30,1
DA:31,1
DA:32,1
DA:37,2
DA:38,2
DA:39,2
DA:40,2
DA:41,2
DA:42,2
DA:43,2
DA:44,2
DA:48,16
DA:49,16
DA:51,16
DA:53,0
DA:55,16
DA:60,16
DA:61,16
DA:67,16
DA:68,16
DA:70,16
DA:80,16
DA:81,0
DA:85,16
DA:87,16
DA:93,16
DA:98,0
DA:101,0
DA:102,0
DA:104,0
DA:106,0
DA:107,0
DA:110,0
DA:111,0
DA:112,0
DA:117,0
DA:120,0
DA:121,0
DA:124,16
DA:130,0
DA:132,16
DA:133,1
DA:134,0
DA:136,0
DA:137,0
DA:138,0
DA:139,0
DA:142,0
DA:143,0
DA:144,0
DA:145,0
DA:147,1
DA:148,1
DA:151,16
DA:153,16
DA:154,40
DA:155,40
DA:156,40
DA:158,40
DA:159,6
DA:160,6
DA:161,6
DA:162,6
DA:163,6
DA:164,6
DA:167,6
DA:168,6
DA:169,6
DA:172,34
DA:173,26
DA:174,26
DA:175,26
DA:176,26
DA:177,26
DA:178,26
DA:179,26
DA:180,4
DA:181,4
DA:182,4
DA:183,4
DA:184,2
DA:185,4
DA:191,1
DA:192,1
DA:193,2
DA:194,2
DA:195,2
DA:196,2
DA:201,1
DA:202,1
DA:203,1
DA:204,1
DA:205,1
DA:209,3
DA:210,2
DA:211,2
DA:212,1
DA:213,1
DA:215,1
DA:216,1
DA:217,1
DA:218,1
DA:222,3
DA:223,3
DA:225,3
DA:226,3
DA:227,1
DA:230,3
DA:231,3
DA:233,3
DA:234,1
DA:235,1
DA:236,1
DA:237,1
DA:238,1
DA:240,1
DA:241,0
DA:242,0
DA:244,1
DA:245,1
DA:246,1
DA:247,1
DA:249,0
DA:253,3
DA:254,3
DA:255,0
DA:256,0
DA:257,0
DA:258,0
DA:259,0
DA:260,0
DA:264,3
DA:265,0
DA:269,3
DA:270,3
DA:271,0
DA:276,3
DA:277,3
DA:279,3
DA:280,3
DA:282,3
DA:283,1
DA:284,2
DA:285,0
DA:286,0
LF:165
LH:128
BRDA:22,0,0,10
BRDA:22,0,1,1
BRDA:28,1,0,6
BRDA:28,1,1,1
BRDA:28,2,0,7
BRDA:28,2,1,7
BRDA:85,3,0,1
BRDA:85,3,1,15
BRDA:101,4,0,0
BRDA:101,4,1,0
BRDA:106,5,0,0
BRDA:106,5,1,0
BRDA:112,6,0,0
BRDA:112,6,1,0
BRDA:158,7,0,6
BRDA:158,7,1,34
BRDA:162,8,0,6
BRDA:162,8,1,0
BRDA:162,8,2,0
BRDA:163,9,0,6
BRDA:163,9,1,0
BRDA:164,10,0,6
BRDA:164,10,1,0
BRDA:172,11,0,26
BRDA:172,11,1,8
BRDA:172,12,0,34
BRDA:172,12,1,18
BRDA:175,13,0,26
BRDA:175,13,1,10
BRDA:179,14,0,22
BRDA:179,14,1,4
BRDA:179,15,0,26
BRDA:179,15,1,6
BRDA:183,16,0,2
BRDA:183,16,1,2
BRDA:183,17,0,2
BRDA:183,17,1,0
BRDA:184,18,0,2
BRDA:184,18,1,0
BRDA:208,19,0,3
BRDA:209,20,0,1
BRDA:209,20,1,2
BRDA:209,21,0,3
BRDA:209,21,1,2
BRDA:211,22,0,1
BRDA:211,22,1,1
BRDA:211,23,0,2
BRDA:211,23,1,2
BRDA:211,23,2,2
BRDA:211,23,3,2
BRDA:211,23,4,1
BRDA:221,24,0,3
BRDA:227,25,0,1
BRDA:227,25,1,1
BRDA:234,26,0,1
BRDA:234,26,1,1
BRDA:236,27,0,1
BRDA:236,27,1,0
BRDA:236,28,0,1
BRDA:236,28,1,0
BRDA:240,29,0,0
BRDA:240,29,1,1
BRDA:240,30,0,1
BRDA:240,30,1,1
BRDA:244,31,0,1
BRDA:244,31,1,0
BRDA:244,32,0,1
BRDA:244,32,1,1
BRDA:256,33,0,0
BRDA:256,33,1,0
BRDA:257,34,0,0
BRDA:257,34,1,0
BRDA:257,35,0,0
BRDA:257,35,1,0
BRDA:258,36,0,0
BRDA:258,36,1,0
BRDA:265,37,0,0
BRDA:265,37,1,0
BRDA:265,37,2,0
BRDA:265,37,3,0
BRDA:265,37,4,0
BRDA:265,37,5,0
BRDA:265,37,6,0
BRDA:265,37,7,0
BRDA:269,38,0,0
BRDA:269,38,1,0
BRDA:271,39,0,0
BRDA:271,39,1,0
BRDA:271,40,0,0
BRDA:271,40,1,0
BRDA:271,40,2,0
BRDA:271,40,3,0
BRDA:271,40,4,0
BRDA:271,40,5,0
BRDA:271,40,6,0
BRDA:276,41,0,0
BRDA:276,41,1,0
BRDA:277,42,0,0
BRDA:277,42,1,0
BRDA:282,43,0,1
BRDA:282,43,1,2
BRDA:284,44,0,0
BRDA:284,44,1,2
BRDA:284,45,0,2
BRDA:284,45,1,2
BRDA:284,45,2,0
BRDA:284,45,3,0
BRF:107
BRH:57
end_of_record
TN:
SF:js/domino/ListView.js
FN:8,(anonymous_0)
FN:20,(anonymous_1)
FN:29,(anonymous_2)
FN:30,(anonymous_3)
FN:33,(anonymous_4)
FN:41,(anonymous_5)
FN:42,(anonymous_6)
FN:45,(anonymous_7)
FN:49,(anonymous_8)
FN:53,(anonymous_9)
FN:62,(anonymous_10)
FN:72,(anonymous_11)
FN:82,(anonymous_12)
FN:98,(anonymous_13)
FN:109,(anonymous_14)
FN:121,(anonymous_15)
FN:131,(anonymous_16)
FN:136,(anonymous_17)
FN:145,(anonymous_18)
FN:154,(anonymous_19)
FN:180,(anonymous_20)
FN:204,(anonymous_21)
FN:228,(anonymous_22)
FN:232,(anonymous_23)
FN:235,(anonymous_24)
FN:240,(anonymous_25)
FN:244,(anonymous_26)
FN:253,(anonymous_27)
FN:257,(anonymous_28)
FNF:29
FNH:26
FNDA:58,(anonymous_0)
FNDA:32,(anonymous_1)
FNDA:0,(anonymous_2)
FNDA:0,(anonymous_3)
FNDA:17,(anonymous_4)
FNDA:9,(anonymous_5)
FNDA:42,(anonymous_6)
FNDA:4,(anonymous_7)
FNDA:5,(anonymous_8)
FNDA:6,(anonymous_9)
FNDA:8,(anonymous_10)
FNDA:7,(anonymous_11)
FNDA:5,(anonymous_12)
FNDA:2,(anonymous_13)
FNDA:2,(anonymous_14)
FNDA:11,(anonymous_15)
FNDA:87,(anonymous_16)
FNDA:18,(anonymous_17)
FNDA:20,(anonymous_18)
FNDA:3,(anonymous_19)
FNDA:3,(anonymous_20)
FNDA:84,(anonymous_21)
FNDA:20,(anonymous_22)
FNDA:2,(anonymous_23)
FNDA:0,(anonymous_24)
FNDA:1,(anonymous_25)
FNDA:104,(anonymous_26)
FNDA:42,(anonymous_27)
FNDA:2,(anonymous_28)
DA:5,2
DA:9,58
DA:10,58
DA:11,58
DA:12,58
DA:13,58
DA:14,58
DA:15,58
DA:16,58
DA:17,58
DA:21,32
DA:22,32
DA:23,32
DA:24,32
DA:25,32
DA:27,32
DA:29,32
DA:30,32
DA:34,17
DA:35,15
DA:36,15
DA:37,15
DA:38,10
DA:42,42
DA:46,4
DA:47,2
DA:49,5
DA:54,6
DA:55,4
DA:56,4
DA:57,4
DA:58,4
DA:59,4
DA:63,8
DA:64,8
DA:65,1
DA:67,7
DA:69,8
DA:73,7
DA:74,7
DA:75,7
DA:77,0
DA:79,7
DA:83,5
DA:84,5
DA:85,3
DA:86,2
DA:88,2
DA:90,4
DA:91,4
DA:92,4
DA:93,0
DA:95,4
DA:99,2
DA:100,2
DA:101,2
DA:102,2
DA:103,2
DA:104,2
DA:105,2
DA:106,2
DA:110,2
DA:111,2
DA:112,2
DA:113,2
DA:114,2
DA:115,2
DA:116,2
DA:117,2
DA:118,2
DA:122,11
DA:123,6
DA:124,6
DA:125,4
DA:126,4
DA:128,2
DA:132,87
DA:133,8
DA:137,18
DA:138,18
DA:140,18
DA:141,1
DA:142,1
DA:145,20
DA:146,17
DA:147,17
DA:148,0
DA:151,17
DA:153,17
DA:154,6
DA:155,3
DA:156,3
DA:157,3
DA:158,3
DA:159,1
DA:161,2
DA:163,3
DA:167,17
DA:168,1
DA:169,1
DA:170,1
DA:171,1
DA:172,1
DA:175,16
DA:176,16
DA:177,16
DA:179,16
DA:180,16
DA:181,3
DA:182,3
DA:183,1
DA:184,1
DA:185,1
DA:186,1
DA:188,2
DA:189,2
DA:190,2
DA:191,2
DA:192,2
DA:193,1
DA:195,1
DA:196,1
DA:198,2
DA:199,2
DA:203,16
DA:204,16
DA:205,84
DA:206,84
DA:207,84
DA:208,84
DA:209,84
DA:210,84
DA:211,84
DA:212,84
DA:213,84
DA:214,84
DA:215,84
DA:216,84
DA:217,84
DA:218,84
DA:219,84
DA:220,84
DA:221,84
DA:222,84
DA:224,16
DA:225,16
DA:227,16
DA:228,16
DA:229,20
DA:230,20
DA:231,20
DA:232,20
DA:233,2
DA:234,2
DA:235,0
DA:237,2
DA:239,20
DA:240,20
DA:241,1
DA:244,20
DA:245,104
DA:246,104
DA:247,104
DA:248,1
DA:249,1
DA:251,104
DA:252,42
DA:253,42
DA:254,2
DA:255,40
DA:256,2
DA:257,2
DA:259,38
DA:262,62
DA:264,104
DA:266,20
DA:269,16
DA:270,16
LF:178
LH:174
BRDA:34,0,0,2
BRDA:34,0,1,15
BRDA:36,1,0,0
BRDA:36,1,1,15
BRDA:37,2,0,5
BRDA:37,2,1,10
BRDA:42,3,0,7
BRDA:42,3,1,35
BRDA:46,4,0,2
BRDA:46,4,1,2
BRDA:54,5,0,2
BRDA:54,5,1,4
BRDA:56,6,0,4
BRDA:56,6,1,0
BRDA:57,7,0,0
BRDA:57,7,1,4
BRDA:58,8,0,1
BRDA:58,8,1,3
BRDA:58,9,0,4
BRDA:58,9,1,1
BRDA:64,10,0,1
BRDA:64,10,1,7
BRDA:74,11,0,7
BRDA:74,11,1,0
BRDA:74,12,0,7
BRDA:74,12,1,0
BRDA:84,13,0,3
BRDA:84,13,1,2
BRDA:85,14,0,1
BRDA:85,14,1,2
BRDA:92,15,0,0
BRDA:92,15,1,4
BRDA:100,16,0,2
BRDA:100,16,1,0
BRDA:111,17,0,2
BRDA:111,17,1,0
BRDA:122,18,0,5
BRDA:122,18,1,6
BRDA:122,19,0,5
BRDA:122,19,1,0
BRDA:123,20,0,6
BRDA:123,20,1,1
BRDA:124,21,0,4
BRDA:124,21,1,2
BRDA:126,22,0,1
BRDA:126,22,1,3
BRDA:132,23,0,79
BRDA:132,23,1,8
BRDA:133,24,0,5
BRDA:133,24,1,3
BRDA:140,25,0,1
BRDA:140,25,1,17
BRDA:146,26,0,17
BRDA:146,26,1,0
BRDA:147,27,0,0
BRDA:147,27,1,17
BRDA:147,28,0,17
BRDA:147,28,1,0
BRDA:147,28,2,0
BRDA:153,29,0,6
BRDA:153,29,1,11
BRDA:158,30,0,1
BRDA:158,30,1,2
BRDA:158,31,0,3
BRDA:158,31,1,1
BRDA:158,31,2,1
BRDA:159,32,0,0
BRDA:159,32,1,1
BRDA:159,33,0,1
BRDA:159,33,1,0
BRDA:163,34,0,2
BRDA:163,34,1,1
BRDA:167,35,0,1
BRDA:167,35,1,16
BRDA:182,36,0,1
BRDA:182,36,1,2
BRDA:189,37,0,2
BRDA:189,37,1,0
BRDA:191,38,0,0
BRDA:191,38,1,2
BRDA:192,39,0,1
BRDA:192,39,1,1
BRDA:193,40,0,1
BRDA:193,40,1,0
BRDA:234,41,0,0
BRDA:234,41,1,2
BRDA:241,42,0,1
BRDA:241,42,1,0
BRDA:241,43,0,1
BRDA:241,43,1,0
BRDA:246,44,0,20
BRDA:246,44,1,84
BRDA:246,45,0,20
BRDA:246,45,1,0
BRDA:246,46,0,84
BRDA:246,46,1,61
BRDA:247,47,0,1
BRDA:247,47,1,103
BRDA:247,48,0,104
BRDA:247,48,1,1
BRDA:249,49,0,1
BRDA:249,49,1,0
BRDA:251,50,0,42
BRDA:251,50,1,62
BRDA:251,51,0,104
BRDA:251,51,1,104
BRDA:253,52,0,2
BRDA:253,52,1,40
BRDA:255,53,0,2
BRDA:255,53,1,38
BRF:110
BRH:87
end_of_record
TN:
SF:js/domino/SearchEngine.js
FN:7,(anonymous_0)
FN:15,(anonymous_1)
FN:19,(anonymous_2)
FN:23,(anonymous_3)
FN:32,(anonymous_4)
FN:36,(anonymous_5)
FN:38,(anonymous_6)
FN:42,(anonymous_7)
FN:54,(anonymous_8)
FN:56,(anonymous_9)
FN:57,(anonymous_10)
FN:66,(anonymous_11)
FN:68,(anonymous_12)
FN:69,(anonymous_13)
FN:70,(anonymous_14)
FN:74,(anonymous_15)
FN:85,(anonymous_16)
FN:96,(anonymous_17)
FN:106,(anonymous_18)
FN:113,(anonymous_19)
FNF:20
FNH:20
FNDA:54,(anonymous_0)
FNDA:21,(anonymous_1)
FNDA:5,(anonymous_2)
FNDA:8,(anonymous_3)
FNDA:5,(anonymous_4)
FNDA:5,(anonymous_5)
FNDA:1,(anonymous_6)
FNDA:13,(anonymous_7)
FNDA:11,(anonymous_8)
FNDA:10,(anonymous_9)
FNDA:10,(anonymous_10)
FNDA:7,(anonymous_11)
FNDA:7,(anonymous_12)
FNDA:6,(anonymous_13)
FNDA:8,(anonymous_14)
FNDA:5,(anonymous_15)
FNDA:3,(anonymous_16)
FNDA:3,(anonymous_17)
FNDA:12,(anonymous_18)
FNDA:1,(anonymous_19)
DA:3,2
DA:4,2
DA:8,54
DA:9,54
DA:10,54
DA:11,54
DA:12,54
DA:16,21
DA:20,5
DA:24,8
DA:25,5
DA:26,5
DA:27,4
DA:28,4
DA:29,4
DA:30,4
DA:31,4
DA:32,5
DA:33,4
DA:37,5
DA:38,3
DA:39,3
DA:43,13
DA:44,12
DA:45,12
DA:46,12
DA:47,12
DA:48,12
DA:49,12
DA:50,11
DA:51,11
DA:52,10
DA:53,10
DA:54,11
DA:55,8
DA:56,8
DA:57,10
DA:58,10
DA:63,8
DA:67,7
DA:68,7
DA:69,5
DA:70,8
DA:75,5
DA:76,5
DA:77,5
DA:78,1
DA:79,1
DA:80,1
DA:81,1
DA:86,3
DA:87,3
DA:88,3
DA:89,3
DA:90,3
DA:91,3
DA:92,1
DA:97,3
DA:98,3
DA:99,3
DA:100,3
DA:101,3
DA:102,3
DA:103,3
DA:107,12
DA:108,12
DA:109,3
DA:110,3
DA:111,3
DA:112,3
DA:113,3
DA:114,1
DA:115,1
LF:73
LH:73
BRDA:20,0,0,5
BRDA:20,0,1,2
BRDA:24,1,0,3
BRDA:24,1,1,5
BRDA:24,2,0,8
BRDA:24,2,1,6
BRDA:26,3,0,1
BRDA:26,3,1,4
BRDA:37,4,0,2
BRDA:37,4,1,3
BRDA:37,5,0,5
BRDA:37,5,1,4
BRDA:37,5,2,4
BRDA:38,6,0,1
BRDA:38,6,1,2
BRDA:43,7,0,1
BRDA:43,7,1,12
BRDA:45,8,0,4
BRDA:45,8,1,8
BRDA:47,9,0,2
BRDA:47,9,1,10
BRDA:49,10,0,1
BRDA:49,10,1,11
BRDA:51,11,0,1
BRDA:51,11,1,10
BRDA:53,12,0,2
BRDA:53,12,1,8
BRDA:53,13,0,10
BRDA:53,13,1,4
BRDA:53,14,0,2
BRDA:53,14,1,0
BRDA:55,15,0,8
BRDA:55,15,1,0
BRDA:58,16,0,2
BRDA:58,16,1,8
BRDA:63,17,0,2
BRDA:63,17,1,6
BRDA:67,18,0,2
BRDA:67,18,1,5
BRDA:67,19,0,7
BRDA:67,19,1,6
BRDA:70,20,0,6
BRDA:70,20,1,6
BRDA:76,21,0,5
BRDA:76,21,1,1
BRDA:77,22,0,1
BRDA:77,22,1,4
BRDA:77,23,0,5
BRDA:77,23,1,4
BRDA:77,23,2,3
BRDA:77,23,3,2
BRDA:80,24,0,1
BRDA:80,24,1,0
BRDA:86,25,0,3
BRDA:86,25,1,1
BRDA:88,26,0,2
BRDA:88,26,1,1
BRDA:91,27,0,1
BRDA:91,27,1,2
BRDA:96,28,0,2
BRDA:100,29,0,3
BRDA:100,29,1,0
BRDA:108,30,0,9
BRDA:108,30,1,3
BRDA:110,31,0,2
BRDA:110,31,1,1
BRDA:110,32,0,2
BRDA:110,32,1,1
BRDA:111,33,0,3
BRDA:111,33,1,0
BRDA:114,34,0,1
BRDA:114,34,1,0
BRF:72
BRH:66
end_of_record
TN:
SF:js/domino/ServiceCatalogStore.js
FN:5,(anonymous_0)
FN:13,(anonymous_1)
FN:15,(anonymous_2)
FN:23,(anonymous_3)
FN:24,(anonymous_4)
FN:28,(anonymous_5)
FN:35,(anonymous_6)
FN:41,(anonymous_7)
FN:44,(anonymous_8)
FN:47,(anonymous_9)
FN:58,(anonymous_10)
FN:65,(anonymous_11)
FN:68,(anonymous_12)
FN:73,(anonymous_13)
FNF:14
FNH:14
FNDA:35,(anonymous_0)
FNDA:11,(anonymous_1)
FNDA:66,(anonymous_2)
FNDA:3,(anonymous_3)
FNDA:3,(anonymous_4)
FNDA:1,(anonymous_5)
FNDA:31,(anonymous_6)
FNDA:31,(anonymous_7)
FNDA:31,(anonymous_8)
FNDA:11,(anonymous_9)
FNDA:28,(anonymous_10)
FNDA:31,(anonymous_11)
FNDA:21,(anonymous_12)
FNDA:1,(anonymous_13)
DA:6,35
DA:7,35
DA:8,35
DA:9,35
DA:10,35
DA:14,11
DA:15,66
DA:16,11
DA:17,1
DA:18,1
DA:21,10
DA:22,1
DA:23,3
DA:24,3
DA:25,1
DA:26,1
DA:27,1
DA:28,1
DA:33,10
DA:35,10
DA:36,31
DA:37,187
DA:38,31
DA:41,31
DA:42,10
DA:44,10
DA:45,31
DA:46,31
DA:47,31
DA:48,11
DA:49,11
DA:50,10
DA:51,10
DA:52,10
DA:56,10
DA:57,10
DA:58,9
DA:59,28
DA:60,28
DA:62,9
DA:65,10
DA:66,31
DA:68,21
DA:70,10
DA:74,1
DA:75,1
DA:76,1
DA:77,1
DA:78,1
LF:49
LH:49
BRDA:16,0,0,1
BRDA:16,0,1,10
BRDA:21,1,0,1
BRDA:21,1,1,9
BRDA:25,2,0,1
BRDA:25,2,1,0
BRDA:27,3,0,1
BRDA:27,3,1,0
BRDA:49,4,0,1
BRDA:49,4,1,10
BRDA:50,5,0,10
BRDA:50,5,1,0
BRDA:57,6,0,9
BRDA:57,6,1,1
BRDA:59,7,0,28
BRDA:59,7,1,19
BRDA:66,8,0,31
BRDA:66,8,1,21
BRDA:66,8,2,21
BRF:19
BRH:16
end_of_record
TN:
SF:js/domino/columns.js
FN:9,labelForKey
FN:14,isListViewVisible
FN:21,refreshDrawerColumnIcons
FN:26,(anonymous_3)
FN:38,getCellValue
FN:42,(anonymous_5)
FNF:6
FNH:6
FNDA:172,labelForKey
FNDA:86,isListViewVisible
FNDA:18,refreshDrawerColumnIcons
FNDA:1,(anonymous_3)
FNDA:73,getCellValue
FNDA:22,(anonymous_5)
DA:3,4
DA:5,4
DA:10,172
DA:11,139
DA:15,86
DA:16,86
DA:17,86
DA:18,86
DA:22,18
DA:23,18
DA:24,18
DA:25,18
DA:26,18
DA:27,1
DA:28,1
DA:29,1
DA:30,1
DA:34,1
DA:39,73
DA:40,70
DA:41,70
DA:42,22
DA:44,52
DA:45,2
DA:46,2
DA:48,50
LF:26
LH:26
BRDA:10,0,0,33
BRDA:10,0,1,139
BRDA:16,1,0,0
BRDA:16,1,1,86
BRDA:18,2,0,86
BRDA:18,2,1,4
BRDA:18,2,2,4
BRDA:23,3,0,0
BRDA:23,3,1,18
BRDA:29,4,0,1
BRDA:29,4,1,0
BRDA:30,5,0,1
BRDA:30,5,1,0
BRDA:34,6,0,0
BRDA:34,6,1,1
BRDA:39,7,0,3
BRDA:39,7,1,70
BRDA:39,8,0,3
BRDA:39,8,1,2
BRDA:40,9,0,70
BRDA:40,9,1,62
BRDA:41,10,0,18
BRDA:41,10,1,52
BRDA:41,11,0,70
BRDA:41,11,1,18
BRDA:44,12,0,2
BRDA:44,12,1,50
BRDA:44,13,0,52
BRDA:44,13,1,19
BRDA:46,14,0,1
BRDA:46,14,1,1
BRF:31
BRH:26
end_of_record
TN:
SF:js/domino/jira.js
FN:3,computeJiraIssuesValue
FN:15,(anonymous_1)
FNF:2
FNH:2
FNDA:24,computeJiraIssuesValue
FNDA:27,(anonymous_1)
DA:4,24
DA:5,21
DA:6,21
DA:7,21
DA:8,21
DA:9,21
DA:14,21
DA:15,27
DA:17,21
DA:28,21
LF:10
LH:10
BRDA:4,0,0,3
BRDA:4,0,1,21
BRDA:5,1,0,21
BRDA:5,1,1,0
BRF:4
BRH:3
end_of_record
TN:
SF:js/shared/utils.js
FN:8,(anonymous_0)
FN:15,(anonymous_1)
FN:20,normalizeKey
FN:29,truncateString
FN:35,isUrl
FN:39,splitValues
FN:44,(anonymous_6)
FN:48,splitNarrativeValues
FN:57,(anonymous_8)
FN:63,isDateTimeValue
FN:71,formatDateTimeLocal
FN:85,getFormattedDate
FN:95,formatMonthYear
FN:103,getQueryParam
FN:108,setQueryParam
FN:115,setSearchQuery
FN:121,isMobileDevice
FN:137,createHrefElement
FN:148,addTagToElement
FN:156,sanitizeUrl
FN:161,(anonymous_20)
FN:170,copyAllowedAttributes
FN:188,(anonymous_22)
FN:202,textNodeWithLinksToNodes
FN:224,sanitizeAndTransformNode
FN:233,(anonymous_25)
FN:235,(anonymous_26)
FN:239,(anonymous_27)
FN:245,(anonymous_28)
FN:247,(anonymous_29)
FN:254,createFormattedElementsFrom
FN:257,(anonymous_31)
FN:260,(anonymous_32)
FN:262,(anonymous_33)
FN:271,createFormattedLongTextElementsFrom
FN:276,(anonymous_35)
FN:288,formatUrlLink
FN:296,renderUrlPartsIntoCell
FN:299,(anonymous_38)
FN:312,createModal
FN:313,(anonymous_40)
FN:322,(anonymous_41)
FN:334,close
FN:339,(anonymous_43)
FN:343,(anonymous_44)
FN:345,(anonymous_45)
FN:348,(anonymous_46)
FN:358,(anonymous_47)
FN:364,createOutlookUrl
FN:375,openOutlookWebCompose
FN:380,buildFallbackMailToLink
FN:386,closeSideDrawer
FN:397,(anonymous_52)
FN:406,openSideDrawer
FN:417,initCommonActions
FN:424,(anonymous_55)
FN:434,(anonymous_56)
FN:438,(anonymous_57)
FN:444,toggleClearButton
FN:452,enableGlobalFindShortcut
FN:457,(anonymous_60)
FN:481,parseCSV
FNF:62
FNH:60
FNDA:208,(anonymous_0)
FNDA:295,(anonymous_1)
FNDA:212,normalizeKey
FNDA:7,truncateString
FNDA:104,isUrl
FNDA:266,splitValues
FNDA:273,(anonymous_6)
FNDA:5,splitNarrativeValues
FNDA:5,(anonymous_8)
FNDA:60,isDateTimeValue
FNDA:4,formatDateTimeLocal
FNDA:5,getFormattedDate
FNDA:19,formatMonthYear
FNDA:141,getQueryParam
FNDA:30,setQueryParam
FNDA:30,setSearchQuery
FNDA:107,isMobileDevice
FNDA:5,createHrefElement
FNDA:3,addTagToElement
FNDA:3,sanitizeUrl
FNDA:5,(anonymous_20)
FNDA:5,copyAllowedAttributes
FNDA:1,(anonymous_22)
FNDA:23,textNodeWithLinksToNodes
FNDA:29,sanitizeAndTransformNode
FNDA:5,(anonymous_25)
FNDA:5,(anonymous_26)
FNDA:2,(anonymous_27)
FNDA:1,(anonymous_28)
FNDA:1,(anonymous_29)
FNDA:19,createFormattedElementsFrom
FNDA:25,(anonymous_31)
FNDA:23,(anonymous_32)
FNDA:25,(anonymous_33)
FNDA:12,createFormattedLongTextElementsFrom
FNDA:16,(anonymous_35)
FNDA:26,formatUrlLink
FNDA:20,renderUrlPartsIntoCell
FNDA:4,(anonymous_38)
FNDA:11,createModal
FNDA:11,(anonymous_40)
FNDA:25,(anonymous_41)
FNDA:13,close
FNDA:10,(anonymous_43)
FNDA:25,(anonymous_44)
FNDA:7,(anonymous_45)
FNDA:3,(anonymous_46)
FNDA:25,(anonymous_47)
FNDA:22,createOutlookUrl
FNDA:1,openOutlookWebCompose
FNDA:0,buildFallbackMailToLink
FNDA:14,closeSideDrawer
FNDA:2,(anonymous_52)
FNDA:4,openSideDrawer
FNDA:30,initCommonActions
FNDA:51,(anonymous_55)
FNDA:1,(anonymous_56)
FNDA:0,(anonymous_57)
FNDA:3,toggleClearButton
FNDA:19,enableGlobalFindShortcut
FNDA:26,(anonymous_60)
FNDA:16,parseCSV
DA:8,208
DA:13,18
DA:15,18
DA:16,295
DA:17,295
DA:21,212
DA:30,7
DA:31,3
DA:34,18
DA:36,104
DA:40,266
DA:41,243
DA:44,273
DA:49,5
DA:50,3
DA:55,3
DA:57,5
DA:64,60
DA:65,58
DA:66,58
DA:67,6
DA:68,6
DA:72,4
DA:73,4
DA:74,3
DA:86,5
DA:87,5
DA:96,19
DA:97,19
DA:98,18
DA:104,141
DA:105,141
DA:109,30
DA:110,30
DA:111,30
DA:112,30
DA:116,30
DA:122,107
DA:123,107
DA:124,0
DA:127,107
DA:129,107
DA:131,107
DA:132,107
DA:138,5
DA:139,5
DA:140,5
DA:141,5
DA:142,5
DA:143,5
DA:144,5
DA:145,5
DA:149,3
DA:152,18
DA:157,3
DA:158,3
DA:159,3
DA:160,3
DA:161,5
DA:162,2
DA:163,2
DA:164,2
DA:165,2
DA:167,2
DA:171,5
DA:172,5
DA:173,5
DA:174,4
DA:175,4
DA:176,4
DA:177,4
DA:178,4
DA:179,4
DA:180,3
DA:181,3
DA:183,3
DA:184,0
DA:185,0
DA:187,3
DA:188,1
DA:189,1
DA:190,1
DA:191,1
DA:194,3
DA:196,4
DA:197,2
DA:198,2
DA:203,23
DA:204,23
DA:205,23
DA:207,23
DA:208,1
DA:209,1
DA:210,1
DA:211,1
DA:212,1
DA:213,1
DA:214,1
DA:215,1
DA:216,1
DA:217,1
DA:219,23
DA:220,23
DA:221,23
DA:225,29
DA:226,23
DA:228,6
DA:229,6
DA:230,6
DA:231,5
DA:232,5
DA:233,5
DA:234,5
DA:235,5
DA:237,5
DA:238,2
DA:239,2
DA:240,2
DA:242,3
DA:244,1
DA:245,1
DA:246,1
DA:247,1
DA:249,1
DA:251,0
DA:255,19
DA:256,19
DA:257,19
DA:258,25
DA:259,25
DA:260,25
DA:261,23
DA:262,25
DA:264,25
DA:265,6
DA:268,19
DA:272,12
DA:273,10
DA:274,10
DA:277,16
DA:278,16
DA:279,16
DA:280,14
DA:281,14
DA:283,10
DA:289,26
DA:290,26
DA:291,26
DA:292,26
DA:293,26
DA:297,20
DA:298,2
DA:299,2
DA:300,4
DA:301,4
DA:302,4
DA:304,2
DA:306,18
DA:313,11
DA:314,11
DA:315,11
DA:316,11
DA:317,11
DA:319,11
DA:320,11
DA:322,11
DA:323,25
DA:328,11
DA:335,13
DA:336,13
DA:339,11
DA:340,10
DA:343,11
DA:344,25
DA:345,7
DA:348,11
DA:349,3
DA:350,3
DA:351,3
DA:354,11
DA:356,11
DA:357,11
DA:358,25
DA:365,22
DA:366,22
DA:367,22
DA:368,22
DA:369,22
DA:370,22
DA:371,22
DA:372,22
DA:376,1
DA:377,1
DA:381,0
DA:387,14
DA:388,14
DA:389,14
DA:390,12
DA:391,12
DA:392,12
DA:393,12
DA:396,12
DA:397,2
DA:398,2
DA:399,2
DA:400,2
DA:402,2
DA:407,4
DA:408,4
DA:409,4
DA:410,3
DA:411,3
DA:412,3
DA:413,3
DA:414,3
DA:418,30
DA:419,30
DA:421,30
DA:422,30
DA:424,30
DA:425,51
DA:426,31
DA:427,31
DA:428,1
DA:429,30
DA:430,1
DA:433,30
DA:434,30
DA:435,1
DA:436,1
DA:438,30
DA:439,0
DA:440,0
DA:445,3
DA:446,3
DA:447,2
DA:453,19
DA:454,1
DA:455,1
DA:457,18
DA:458,26
DA:460,26
DA:462,26
DA:463,2
DA:465,2
DA:466,2
DA:467,2
DA:468,2
DA:469,1
DA:470,1
DA:471,1
DA:472,1
DA:473,1
DA:475,1
DA:482,16
DA:483,16
DA:484,16
DA:485,16
DA:486,16
DA:487,1449
DA:488,1449
DA:489,8
DA:490,6
DA:491,1441
DA:492,157
DA:493,1284
DA:494,21
DA:495,21
DA:497,1263
DA:500,16
DA:501,16
LF:271
LH:264
BRDA:8,0,0,208
BRDA:8,0,1,0
BRDA:16,1,0,295
BRDA:16,1,1,11
BRDA:17,2,0,208
BRDA:17,2,1,87
BRDA:17,3,0,295
BRDA:17,3,1,128
BRDA:21,4,0,212
BRDA:21,4,1,2
BRDA:29,5,0,3
BRDA:30,6,0,4
BRDA:30,6,1,3
BRDA:40,7,0,23
BRDA:40,7,1,243
BRDA:49,8,0,2
BRDA:49,8,1,3
BRDA:64,9,0,2
BRDA:64,9,1,58
BRDA:66,10,0,52
BRDA:66,10,1,6
BRDA:73,11,0,1
BRDA:73,11,1,3
BRDA:85,12,0,4
BRDA:85,13,0,4
BRDA:97,14,0,1
BRDA:97,14,1,18
BRDA:110,15,0,0
BRDA:110,15,1,30
BRDA:110,16,0,30
BRDA:110,16,1,30
BRDA:123,17,0,0
BRDA:123,17,1,107
BRDA:123,18,0,107
BRDA:123,18,1,0
BRDA:127,19,0,107
BRDA:127,19,1,0
BRDA:127,19,2,0
BRDA:127,19,3,0
BRDA:129,20,0,107
BRDA:129,20,1,107
BRDA:129,20,2,107
BRDA:129,20,3,0
BRDA:132,21,0,107
BRDA:132,21,1,107
BRDA:140,22,0,5
BRDA:140,22,1,2
BRDA:148,23,0,2
BRDA:157,24,0,0
BRDA:157,24,1,3
BRDA:161,25,0,1
BRDA:161,25,1,2
BRDA:165,26,0,0
BRDA:165,26,1,2
BRDA:165,27,0,2
BRDA:165,27,1,0
BRDA:173,28,0,1
BRDA:173,28,1,4
BRDA:176,29,0,0
BRDA:176,29,1,4
BRDA:178,30,0,4
BRDA:178,30,1,0
BRDA:179,31,0,3
BRDA:179,31,1,1
BRDA:181,32,0,1
BRDA:181,32,1,2
BRDA:183,33,0,0
BRDA:183,33,1,3
BRDA:185,34,0,0
BRDA:185,34,1,0
BRDA:187,35,0,1
BRDA:187,35,1,2
BRDA:196,36,0,2
BRDA:196,36,1,2
BRDA:196,37,0,4
BRDA:196,37,1,4
BRDA:197,38,0,1
BRDA:197,38,1,1
BRDA:198,39,0,2
BRDA:198,39,1,0
BRDA:209,40,0,1
BRDA:209,40,1,0
BRDA:214,41,0,0
BRDA:214,41,1,1
BRDA:216,42,0,0
BRDA:216,42,1,1
BRDA:220,43,0,23
BRDA:220,43,1,0
BRDA:225,44,0,23
BRDA:225,44,1,6
BRDA:226,45,0,23
BRDA:226,45,1,0
BRDA:228,46,0,6
BRDA:228,46,1,0
BRDA:230,47,0,5
BRDA:230,47,1,1
BRDA:237,48,0,2
BRDA:237,48,1,3
BRDA:237,49,0,5
BRDA:237,49,1,4
BRDA:264,50,0,6
BRDA:264,50,1,19
BRDA:272,51,0,2
BRDA:272,51,1,10
BRDA:278,52,0,6
BRDA:278,52,1,10
BRDA:279,53,0,2
BRDA:279,53,1,14
BRDA:279,54,0,16
BRDA:279,54,1,4
BRDA:291,55,0,26
BRDA:291,55,1,0
BRDA:291,56,0,26
BRDA:291,56,1,0
BRDA:291,56,2,0
BRDA:292,57,0,1
BRDA:292,57,1,25
BRDA:297,58,0,2
BRDA:297,58,1,18
BRDA:301,59,0,2
BRDA:301,59,1,2
BRDA:323,60,0,11
BRDA:323,60,1,14
BRDA:340,61,0,3
BRDA:340,61,1,7
BRDA:349,62,0,3
BRDA:349,62,1,0
BRDA:364,63,0,18
BRDA:364,64,0,18
BRDA:364,65,0,18
BRDA:365,66,0,20
BRDA:365,66,1,2
BRDA:366,67,0,1
BRDA:366,67,1,21
BRDA:370,68,0,20
BRDA:370,68,1,2
BRDA:371,69,0,1
BRDA:371,69,1,21
BRDA:375,70,0,0
BRDA:375,71,0,1
BRDA:375,72,0,1
BRDA:375,73,0,0
BRDA:375,74,0,0
BRDA:389,75,0,2
BRDA:389,75,1,12
BRDA:396,76,0,2
BRDA:396,76,1,10
BRDA:398,77,0,0
BRDA:398,77,1,2
BRDA:409,78,0,1
BRDA:409,78,1,3
BRDA:425,79,0,20
BRDA:425,79,1,31
BRDA:427,80,0,1
BRDA:427,80,1,30
BRDA:429,81,0,1
BRDA:429,81,1,29
BRDA:446,82,0,1
BRDA:446,82,1,2
BRDA:452,83,0,0
BRDA:452,84,0,19
BRDA:453,85,0,1
BRDA:453,85,1,18
BRDA:460,86,0,26
BRDA:460,86,1,0
BRDA:460,86,2,0
BRDA:460,86,3,26
BRDA:460,86,4,26
BRDA:460,86,5,2
BRDA:462,87,0,24
BRDA:462,87,1,2
BRDA:465,88,0,2
BRDA:465,88,1,2
BRDA:465,88,2,2
BRDA:466,89,0,0
BRDA:466,89,1,2
BRDA:468,90,0,1
BRDA:468,90,1,1
BRDA:472,91,0,1
BRDA:472,91,1,0
BRDA:472,92,0,1
BRDA:472,92,1,1
BRDA:475,93,0,0
BRDA:475,93,1,1
BRDA:488,94,0,8
BRDA:488,94,1,1441
BRDA:489,95,0,2
BRDA:489,95,1,6
BRDA:489,96,0,8
BRDA:489,96,1,5
BRDA:491,97,0,157
BRDA:491,97,1,1284
BRDA:491,98,0,1441
BRDA:491,98,1,158
BRDA:493,99,0,21
BRDA:493,99,1,1263
BRDA:493,100,0,1284
BRDA:493,100,1,1263
BRDA:493,100,2,22
BRDA:494,101,0,21
BRDA:494,101,1,0
BRDA:494,102,0,21
BRDA:494,102,1,0
BRDA:495,103,0,1
BRDA:495,103,1,20
BRDA:495,104,0,21
BRDA:495,104,1,1
BRDA:500,105,0,15
BRDA:500,105,1,1
BRDA:500,106,0,16
BRDA:500,106,1,1
BRF:211
BRH:172
end_of_record
TN:
SF:js/solitaire/ColorLegend.js
FN:23,(anonymous_0)
FN:33,(anonymous_1)
FN:38,(anonymous_2)
FN:54,(anonymous_3)
FN:79,(anonymous_4)
FN:91,(anonymous_5)
FN:97,(anonymous_6)
FN:101,(anonymous_7)
FN:137,(anonymous_8)
FN:142,(anonymous_9)
FN:167,(anonymous_10)
FN:173,(anonymous_11)
FN:186,(anonymous_12)
FN:205,(anonymous_13)
FN:218,(anonymous_14)
FN:242,(anonymous_15)
FN:247,(anonymous_16)
FN:249,(anonymous_17)
FN:250,(anonymous_18)
FN:252,(anonymous_19)
FN:266,(anonymous_20)
FN:272,(anonymous_21)
FN:295,(anonymous_22)
FN:307,(anonymous_23)
FN:326,(anonymous_24)
FN:342,(anonymous_25)
FNF:26
FNH:24
FNDA:104,(anonymous_0)
FNDA:25,(anonymous_1)
FNDA:7,(anonymous_2)
FNDA:20,(anonymous_3)
FNDA:21,(anonymous_4)
FNDA:1,(anonymous_5)
FNDA:1,(anonymous_6)
FNDA:9,(anonymous_7)
FNDA:3,(anonymous_8)
FNDA:3,(anonymous_9)
FNDA:1,(anonymous_10)
FNDA:3,(anonymous_11)
FNDA:7,(anonymous_12)
FNDA:1,(anonymous_13)
FNDA:4,(anonymous_14)
FNDA:20,(anonymous_15)
FNDA:4,(anonymous_16)
FNDA:4,(anonymous_17)
FNDA:2,(anonymous_18)
FNDA:20,(anonymous_19)
FNDA:1,(anonymous_20)
FNDA:0,(anonymous_21)
FNDA:2,(anonymous_22)
FNDA:1,(anonymous_23)
FNDA:1,(anonymous_24)
FNDA:0,(anonymous_25)
DA:20,2
DA:24,104
DA:25,104
DA:26,104
DA:27,104
DA:28,104
DA:29,104
DA:30,104
DA:34,25
DA:35,25
DA:39,7
DA:42,6
DA:43,4
DA:44,2
DA:45,1
DA:47,1
DA:50,6
DA:51,6
DA:55,20
DA:56,20
DA:57,20
DA:58,19
DA:59,19
DA:60,19
DA:62,20
DA:63,20
DA:72,20
DA:74,20
DA:75,20
DA:77,20
DA:79,20
DA:80,21
DA:81,21
DA:82,21
DA:83,21
DA:84,21
DA:87,20
DA:88,20
DA:89,20
DA:91,20
DA:92,1
DA:93,1
DA:94,1
DA:97,20
DA:98,1
DA:101,20
DA:102,9
DA:103,9
DA:104,9
DA:105,9
DA:107,9
DA:108,9
DA:109,1
DA:110,1
DA:112,8
DA:113,8
DA:114,8
DA:117,9
DA:118,9
DA:119,9
DA:120,9
DA:121,9
DA:122,1
DA:125,9
DA:126,9
DA:127,9
DA:129,9
DA:130,9
DA:131,9
DA:133,9
DA:134,9
DA:137,20
DA:138,3
DA:139,3
DA:142,20
DA:143,3
DA:144,3
DA:145,3
DA:147,3
DA:148,3
DA:150,3
DA:151,3
DA:152,3
DA:154,3
DA:155,3
DA:156,3
DA:157,3
DA:158,3
DA:159,3
DA:161,3
DA:164,3
DA:167,20
DA:168,1
DA:169,1
DA:170,1
DA:173,20
DA:174,3
DA:175,2
DA:176,2
DA:177,2
DA:178,2
DA:181,20
DA:182,20
DA:183,20
DA:187,7
DA:189,7
DA:190,7
DA:192,7
DA:193,7
DA:195,7
DA:196,7
DA:205,7
DA:206,1
DA:207,1
DA:208,1
DA:209,1
DA:210,1
DA:211,0
DA:213,1
DA:219,4
DA:220,4
DA:221,4
DA:223,4
DA:225,3
DA:226,1
DA:227,1
DA:228,1
DA:229,2
DA:230,1
DA:231,1
DA:232,1
DA:233,1
DA:234,1
DA:235,1
DA:236,1
DA:239,3
DA:243,20
DA:244,20
DA:246,20
DA:247,20
DA:249,20
DA:250,20
DA:252,20
DA:253,20
DA:254,20
DA:255,20
DA:256,1
DA:257,1
DA:258,1
DA:259,1
DA:260,1
DA:263,19
DA:266,20
DA:267,1
DA:270,20
DA:272,20
DA:273,0
DA:274,0
DA:275,0
DA:276,0
DA:277,0
DA:278,0
DA:279,0
DA:280,0
DA:281,0
DA:283,20
DA:285,20
DA:286,20
DA:287,20
DA:288,20
DA:289,20
DA:291,20
DA:292,20
DA:293,20
DA:295,20
DA:296,2
DA:297,1
DA:298,1
DA:299,1
DA:300,1
DA:301,1
DA:302,1
DA:303,1
DA:304,1
DA:307,20
DA:308,1
DA:309,1
DA:310,1
DA:311,1
DA:312,1
DA:313,1
DA:314,1
DA:316,1
DA:317,1
DA:318,1
DA:319,1
DA:320,1
DA:321,1
DA:322,1
DA:323,1
DA:326,20
DA:327,1
DA:328,1
DA:329,1
DA:330,1
DA:331,1
DA:332,1
DA:333,1
DA:334,1
DA:335,1
DA:338,20
DA:339,20
DA:341,20
DA:342,20
DA:343,20
LF:215
LH:205
BRDA:34,0,0,25
BRDA:34,0,1,2
BRDA:35,1,0,25
BRDA:35,1,1,22
BRDA:39,2,0,1
BRDA:39,2,1,6
BRDA:42,3,0,4
BRDA:42,3,1,2
BRDA:43,4,0,4
BRDA:43,4,1,1
BRDA:44,5,0,1
BRDA:44,5,1,1
BRDA:45,6,0,1
BRDA:45,6,1,0
BRDA:47,7,0,1
BRDA:47,7,1,0
BRDA:51,8,0,5
BRDA:51,8,1,1
BRDA:51,9,0,6
BRDA:51,9,1,5
BRDA:54,10,0,7
BRDA:54,11,0,13
BRDA:57,12,0,19
BRDA:57,12,1,1
BRDA:77,13,0,20
BRDA:77,13,1,0
BRDA:77,13,2,0
BRDA:83,14,0,1
BRDA:83,14,1,20
BRDA:84,15,0,1
BRDA:84,15,1,20
BRDA:108,16,0,1
BRDA:108,16,1,8
BRDA:121,17,0,1
BRDA:121,17,1,8
BRDA:121,18,0,9
BRDA:121,18,1,8
BRDA:121,19,0,9
BRDA:121,19,1,0
BRDA:131,20,0,9
BRDA:131,20,1,0
BRDA:138,21,0,3
BRDA:138,21,1,0
BRDA:143,22,0,3
BRDA:143,22,1,0
BRDA:144,23,0,3
BRDA:144,23,1,0
BRDA:148,24,0,0
BRDA:148,24,1,3
BRDA:148,25,0,0
BRDA:148,25,1,0
BRDA:155,26,0,3
BRDA:155,26,1,0
BRDA:157,27,0,3
BRDA:157,27,1,3
BRDA:158,28,0,3
BRDA:158,28,1,0
BRDA:164,29,0,0
BRDA:164,29,1,3
BRDA:169,30,0,0
BRDA:169,30,1,1
BRDA:174,31,0,1
BRDA:174,31,1,2
BRDA:174,32,0,3
BRDA:174,32,1,2
BRDA:176,33,0,0
BRDA:176,33,1,2
BRDA:189,34,0,7
BRDA:189,34,1,7
BRDA:207,35,0,1
BRDA:207,35,1,0
BRDA:210,36,0,0
BRDA:210,36,1,1
BRDA:210,37,0,1
BRDA:210,37,1,1
BRDA:210,38,0,1
BRDA:210,38,1,0
BRDA:223,39,0,1
BRDA:223,39,1,3
BRDA:223,40,0,4
BRDA:223,40,1,3
BRDA:223,40,2,3
BRDA:225,41,0,1
BRDA:225,41,1,2
BRDA:229,42,0,1
BRDA:229,42,1,1
BRDA:233,43,0,1
BRDA:233,43,1,0
BRDA:242,44,0,0
BRDA:242,45,0,0
BRDA:244,46,0,0
BRDA:244,46,1,20
BRDA:254,47,0,20
BRDA:254,47,1,19
BRDA:255,48,0,1
BRDA:255,48,1,19
BRDA:255,49,0,20
BRDA:255,49,1,1
BRDA:291,50,0,20
BRDA:291,50,1,0
BRDA:292,51,0,20
BRDA:292,51,1,0
BRDA:293,52,0,0
BRDA:293,52,1,20
BRDA:296,53,0,1
BRDA:296,53,1,1
BRDA:299,54,0,1
BRDA:299,54,1,1
BRDA:300,55,0,1
BRDA:300,55,1,1
BRDA:310,56,0,1
BRDA:310,56,1,0
BRDA:311,57,0,0
BRDA:311,57,1,1
BRDA:311,58,0,1
BRDA:311,58,1,0
BRDA:329,59,0,0
BRDA:329,59,1,1
BRDA:341,60,0,20
BRDA:341,60,1,0
BRF:120
BRH:88
end_of_record
TN:
SF:js/solitaire/ContextMenu.js
FN:2,(anonymous_0)
FN:8,(anonymous_1)
FN:17,(anonymous_2)
FN:22,(anonymous_3)
FN:41,(anonymous_4)
FN:53,(anonymous_5)
FN:57,(anonymous_6)
FN:62,(anonymous_7)
FN:67,(anonymous_8)
FN:71,(anonymous_9)
FN:78,(anonymous_10)
FN:83,(anonymous_11)
FN:86,(anonymous_12)
FNF:13
FNH:13
FNDA:92,(anonymous_0)
FNDA:6,(anonymous_1)
FNDA:2,(anonymous_2)
FNDA:13,(anonymous_3)
FNDA:3,(anonymous_4)
FNDA:1,(anonymous_5)
FNDA:1,(anonymous_6)
FNDA:11,(anonymous_7)
FNDA:6,(anonymous_8)
FNDA:1,(anonymous_9)
FNDA:8,(anonymous_10)
FNDA:64,(anonymous_11)
FNDA:20,(anonymous_12)
DA:3,92
DA:4,92
DA:5,92
DA:9,6
DA:10,4
DA:11,4
DA:12,4
DA:13,4
DA:14,4
DA:18,2
DA:19,2
DA:23,13
DA:25,12
DA:26,12
DA:27,12
DA:39,12
DA:41,12
DA:42,3
DA:43,3
DA:45,2
DA:46,1
DA:47,1
DA:48,1
DA:51,1
DA:52,1
DA:53,1
DA:57,12
DA:58,1
DA:59,1
DA:62,12
DA:63,11
DA:64,11
DA:67,12
DA:68,6
DA:71,12
DA:72,1
DA:75,12
DA:79,8
DA:80,8
DA:81,8
DA:82,8
DA:83,64
DA:87,20
DA:88,20
LF:44
LH:44
BRDA:9,0,0,2
BRDA:9,0,1,4
BRDA:23,1,0,1
BRDA:23,1,1,12
BRDA:43,2,0,1
BRDA:43,2,1,2
BRDA:45,3,0,1
BRDA:45,3,1,1
BRDA:51,4,0,1
BRDA:51,4,1,0
BRDA:63,5,0,0
BRDA:63,5,1,11
BRDA:63,6,0,11
BRDA:63,6,1,11
BRDA:68,7,0,6
BRDA:68,7,1,0
BRDA:87,8,0,0
BRDA:87,8,1,20
BRF:18
BRH:14
end_of_record
TN:
SF:js/solitaire/InteractionController.js
FN:7,(anonymous_0)
FN:24,(anonymous_1)
FN:27,(anonymous_2)
FN:28,(anonymous_3)
FN:38,(anonymous_4)
FN:39,(anonymous_5)
FN:44,(anonymous_6)
FN:58,(anonymous_7)
FN:61,(anonymous_8)
FN:67,(anonymous_9)
FN:73,(anonymous_10)
FN:78,(anonymous_11)
FN:80,(anonymous_12)
FN:88,(anonymous_13)
FN:94,(anonymous_14)
FN:103,(anonymous_15)
FN:118,(anonymous_16)
FN:119,(anonymous_17)
FN:122,(anonymous_18)
FN:138,(anonymous_19)
FN:139,(anonymous_20)
FN:143,(anonymous_21)
FN:149,(anonymous_22)
FN:153,(anonymous_23)
FN:166,(anonymous_24)
FN:177,(anonymous_25)
FN:185,(anonymous_26)
FN:193,(anonymous_27)
FN:201,(anonymous_28)
FN:211,(anonymous_29)
FN:224,(anonymous_30)
FN:225,(anonymous_31)
FN:244,(anonymous_32)
FN:255,(anonymous_33)
FN:266,(anonymous_34)
FN:277,(anonymous_35)
FN:289,(anonymous_36)
FN:290,(anonymous_37)
FN:302,(anonymous_38)
FN:311,(anonymous_39)
FN:313,(anonymous_40)
FN:316,(anonymous_41)
FN:321,(anonymous_42)
FN:324,(anonymous_43)
FN:333,(anonymous_44)
FN:337,(anonymous_45)
FN:348,(anonymous_46)
FN:350,(anonymous_47)
FNF:48
FNH:43
FNDA:128,(anonymous_0)
FNDA:128,(anonymous_1)
FNDA:0,(anonymous_2)
FNDA:3,(anonymous_3)
FNDA:0,(anonymous_4)
FNDA:0,(anonymous_5)
FNDA:2,(anonymous_6)
FNDA:0,(anonymous_7)
FNDA:1,(anonymous_8)
FNDA:13,(anonymous_9)
FNDA:3,(anonymous_10)
FNDA:8,(anonymous_11)
FNDA:5,(anonymous_12)
FNDA:6,(anonymous_13)
FNDA:5,(anonymous_14)
FNDA:5,(anonymous_15)
FNDA:9,(anonymous_16)
FNDA:0,(anonymous_17)
FNDA:6,(anonymous_18)
FNDA:12,(anonymous_19)
FNDA:2,(anonymous_20)
FNDA:12,(anonymous_21)
FNDA:14,(anonymous_22)
FNDA:10,(anonymous_23)
FNDA:16,(anonymous_24)
FNDA:2,(anonymous_25)
FNDA:4,(anonymous_26)
FNDA:1,(anonymous_27)
FNDA:1,(anonymous_28)
FNDA:1,(anonymous_29)
FNDA:3,(anonymous_30)
FNDA:1,(anonymous_31)
FNDA:5,(anonymous_32)
FNDA:1,(anonymous_33)
FNDA:5,(anonymous_34)
FNDA:1,(anonymous_35)
FNDA:5,(anonymous_36)
FNDA:4,(anonymous_37)
FNDA:6,(anonymous_38)
FNDA:8,(anonymous_39)
FNDA:4,(anonymous_40)
FNDA:5,(anonymous_41)
FNDA:5,(anonymous_42)
FNDA:5,(anonymous_43)
FNDA:14,(anonymous_44)
FNDA:6,(anonymous_45)
FNDA:4,(anonymous_46)
FNDA:6,(anonymous_47)
DA:3,2
DA:4,2
DA:8,128
DA:9,128
DA:10,128
DA:11,128
DA:12,128
DA:13,128
DA:14,128
DA:15,128
DA:16,128
DA:17,128
DA:18,128
DA:19,128
DA:20,128
DA:21,128
DA:25,128
DA:26,128
DA:27,0
DA:29,3
DA:30,3
DA:32,2
DA:33,2
DA:34,2
DA:36,2
DA:37,1
DA:38,1
DA:39,1
DA:41,1
DA:45,2
DA:47,1
DA:48,1
DA:49,1
DA:50,1
DA:51,1
DA:52,1
DA:53,1
DA:55,1
DA:57,1
DA:58,0
DA:62,1
DA:63,1
DA:68,13
DA:69,13
DA:70,13
DA:74,3
DA:75,3
DA:79,8
DA:80,8
DA:81,8
DA:82,5
DA:83,4
DA:84,3
DA:85,3
DA:89,6
DA:90,6
DA:91,6
DA:95,5
DA:104,5
DA:105,5
DA:107,5
DA:108,5
DA:109,2
DA:110,3
DA:111,1
DA:112,2
DA:113,1
DA:115,1
DA:118,9
DA:119,4
DA:123,6
DA:125,6
DA:132,6
DA:133,6
DA:134,6
DA:135,6
DA:139,12
DA:140,12
DA:144,12
DA:145,11
DA:146,11
DA:150,14
DA:154,10
DA:155,10
DA:157,10
DA:158,6
DA:159,6
DA:161,4
DA:162,4
DA:167,16
DA:168,15
DA:170,15
DA:171,15
DA:173,14
DA:174,14
DA:175,14
DA:177,14
DA:178,2
DA:179,2
DA:180,2
DA:181,2
DA:182,2
DA:185,14
DA:186,4
DA:187,3
DA:189,3
DA:190,3
DA:191,3
DA:193,3
DA:194,1
DA:195,1
DA:196,1
DA:197,1
DA:201,14
DA:202,1
DA:203,1
DA:204,1
DA:205,1
DA:206,1
DA:207,1
DA:211,14
DA:212,1
DA:213,1
DA:214,0
DA:215,0
DA:217,1
DA:220,14
DA:221,14
DA:225,3
DA:226,1
DA:227,1
DA:228,1
DA:230,1
DA:231,1
DA:232,0
DA:233,0
DA:234,0
DA:235,0
DA:238,1
DA:239,1
DA:240,1
DA:245,5
DA:246,5
DA:247,5
DA:249,5
DA:250,5
DA:251,5
DA:252,5
DA:253,5
DA:255,5
DA:256,1
DA:257,1
DA:258,1
DA:259,1
DA:260,1
DA:261,1
DA:262,1
DA:263,1
DA:266,5
DA:267,5
DA:268,5
DA:270,5
DA:271,5
DA:273,5
DA:275,5
DA:276,5
DA:277,5
DA:278,1
DA:279,1
DA:280,1
DA:285,5
DA:286,5
DA:290,5
DA:291,5
DA:292,1
DA:293,1
DA:294,4
DA:295,1
DA:298,5
DA:299,5
DA:301,5
DA:302,5
DA:303,6
DA:304,6
DA:305,6
DA:311,8
DA:313,5
DA:314,4
DA:315,4
DA:316,4
DA:317,5
DA:318,5
DA:319,5
DA:321,5
DA:324,5
DA:325,5
DA:326,5
DA:329,5
DA:330,5
DA:334,14
DA:338,6
DA:339,6
DA:340,6
DA:349,4
DA:350,6
LF:205
LH:197
BRDA:27,0,0,0
BRDA:27,0,1,0
BRDA:30,1,0,1
BRDA:30,1,1,2
BRDA:33,2,0,2
BRDA:33,2,1,0
BRDA:36,3,0,1
BRDA:36,3,1,1
BRDA:45,4,0,1
BRDA:45,4,1,1
BRDA:48,5,0,1
BRDA:48,5,1,0
BRDA:50,6,0,1
BRDA:50,6,1,0
BRDA:57,7,0,0
BRDA:57,7,1,1
BRDA:57,8,0,1
BRDA:57,8,1,0
BRDA:68,9,0,13
BRDA:68,9,1,7
BRDA:70,10,0,5
BRDA:70,10,1,8
BRDA:70,11,0,5
BRDA:70,11,1,0
BRDA:70,12,0,5
BRDA:70,12,1,8
BRDA:70,13,0,5
BRDA:70,13,1,0
BRDA:79,14,0,8
BRDA:79,14,1,2
BRDA:80,15,0,5
BRDA:80,15,1,5
BRDA:81,16,0,3
BRDA:81,16,1,5
BRDA:81,17,0,3
BRDA:81,17,1,3
BRDA:82,18,0,1
BRDA:82,18,1,4
BRDA:82,19,0,1
BRDA:82,19,1,1
BRDA:83,20,0,1
BRDA:83,20,1,3
BRDA:83,21,0,1
BRDA:83,21,1,1
BRDA:84,22,0,0
BRDA:84,22,1,3
BRDA:84,23,0,0
BRDA:84,23,1,0
BRDA:94,24,0,2
BRDA:96,25,0,5
BRDA:96,25,1,4
BRDA:96,25,2,4
BRDA:96,25,3,3
BRDA:104,26,0,5
BRDA:104,26,1,0
BRDA:108,27,0,2
BRDA:108,27,1,3
BRDA:110,28,0,1
BRDA:110,28,1,2
BRDA:112,29,0,1
BRDA:112,29,1,1
BRDA:126,30,0,1
BRDA:126,30,1,5
BRDA:127,31,0,1
BRDA:127,31,1,4
BRDA:128,32,0,3
BRDA:128,32,1,1
BRDA:144,33,0,1
BRDA:144,33,1,11
BRDA:157,34,0,6
BRDA:157,34,1,4
BRDA:167,35,0,1
BRDA:167,35,1,15
BRDA:171,36,0,1
BRDA:171,36,1,14
BRDA:178,37,0,2
BRDA:178,37,1,0
BRDA:186,38,0,1
BRDA:186,38,1,3
BRDA:186,39,0,4
BRDA:186,39,1,1
BRDA:187,40,0,0
BRDA:187,40,1,3
BRDA:194,41,0,0
BRDA:194,41,1,1
BRDA:202,42,0,0
BRDA:202,42,1,1
BRDA:203,43,0,0
BRDA:203,43,1,1
BRDA:206,44,0,1
BRDA:206,44,1,0
BRDA:212,45,0,0
BRDA:212,45,1,1
BRDA:213,46,0,0
BRDA:213,46,1,1
BRDA:226,47,0,0
BRDA:226,47,1,1
BRDA:227,48,0,0
BRDA:227,48,1,1
BRDA:228,49,0,0
BRDA:228,49,1,1
BRDA:231,50,0,0
BRDA:231,50,1,1
BRDA:231,51,0,1
BRDA:231,51,1,0
BRDA:231,51,2,0
BRDA:273,52,0,3
BRDA:273,52,1,2
BRDA:279,53,0,1
BRDA:279,53,1,0
BRDA:291,54,0,1
BRDA:291,54,1,4
BRDA:291,55,0,5
BRDA:291,55,1,2
BRDA:294,56,0,1
BRDA:294,56,1,3
BRDA:294,57,0,4
BRDA:294,57,1,1
BRDA:303,58,0,6
BRDA:303,58,1,3
BRDA:306,59,0,3
BRDA:306,59,1,3
BRDA:306,60,0,3
BRDA:306,60,1,1
BRDA:307,61,0,3
BRDA:307,61,1,3
BRDA:307,62,0,3
BRDA:307,62,1,1
BRDA:311,63,0,8
BRDA:311,63,1,0
BRDA:318,64,0,0
BRDA:318,64,1,5
BRDA:334,65,0,14
BRDA:334,65,1,12
BRDA:334,65,2,10
BRDA:334,65,3,9
BRDA:348,66,0,1
BRDA:349,67,0,1
BRDA:349,67,1,3
BRF:139
BRH:109
end_of_record
TN:
SF:js/solitaire/OrgChartRenderer.js
FN:42,(anonymous_0)
FN:54,getTalentKeringUrl
FN:60,(anonymous_2)
FN:79,(anonymous_3)
FN:106,(anonymous_4)
FN:118,(anonymous_5)
FN:137,(anonymous_6)
FN:153,(anonymous_7)
FN:174,(anonymous_8)
FN:186,(anonymous_9)
FN:197,(anonymous_10)
FN:203,(anonymous_11)
FN:217,(anonymous_12)
FN:251,(anonymous_13)
FN:283,(anonymous_14)
FN:290,(anonymous_15)
FN:320,(anonymous_16)
FN:333,(anonymous_17)
FN:338,(anonymous_18)
FN:339,(anonymous_19)
FN:340,(anonymous_20)
FN:341,(anonymous_21)
FN:345,(anonymous_22)
FN:357,(anonymous_23)
FN:383,(anonymous_24)
FN:387,(anonymous_25)
FN:432,(anonymous_26)
FN:454,(anonymous_27)
FN:464,(anonymous_28)
FN:466,(anonymous_29)
FN:472,(anonymous_30)
FN:473,(anonymous_31)
FN:488,(anonymous_32)
FN:497,(anonymous_33)
FN:498,(anonymous_34)
FN:501,(anonymous_35)
FN:502,(anonymous_36)
FN:505,(anonymous_37)
FN:506,(anonymous_38)
FN:509,(anonymous_39)
FN:510,(anonymous_40)
FN:513,(anonymous_41)
FN:514,(anonymous_42)
FN:517,(anonymous_43)
FN:518,(anonymous_44)
FN:521,(anonymous_45)
FN:522,(anonymous_46)
FN:525,(anonymous_47)
FN:526,(anonymous_48)
FN:538,(anonymous_49)
FN:549,(anonymous_50)
FN:558,(anonymous_51)
FN:568,(anonymous_52)
FN:574,(anonymous_53)
FN:576,(anonymous_54)
FN:578,(anonymous_55)
FN:587,(anonymous_56)
FN:605,(anonymous_57)
FN:616,(anonymous_58)
FN:626,(anonymous_59)
FN:646,(anonymous_60)
FN:661,(anonymous_61)
FN:662,(anonymous_62)
FN:673,(anonymous_63)
FN:674,(anonymous_64)
FN:688,(anonymous_65)
FN:714,(anonymous_66)
FN:728,(anonymous_67)
FN:739,(anonymous_68)
FN:745,(anonymous_69)
FN:758,(anonymous_70)
FN:761,(anonymous_71)
FN:766,(anonymous_72)
FN:771,(anonymous_73)
FN:805,(anonymous_74)
FN:812,(anonymous_75)
FN:815,(anonymous_76)
FN:820,(anonymous_77)
FN:831,(anonymous_78)
FN:880,(anonymous_79)
FN:882,(anonymous_80)
FN:885,(anonymous_81)
FN:885,(anonymous_82)
FN:890,(anonymous_83)
FN:939,(anonymous_84)
FN:984,(anonymous_85)
FN:990,(anonymous_86)
FN:1003,(anonymous_87)
FN:1013,(anonymous_88)
FN:1047,(anonymous_89)
FN:1074,(anonymous_90)
FN:1074,(anonymous_91)
FN:1080,(anonymous_92)
FN:1080,(anonymous_93)
FN:1104,(anonymous_94)
FN:1105,(anonymous_95)
FN:1151,(anonymous_96)
FN:1156,(anonymous_97)
FN:1182,(anonymous_98)
FN:1188,(anonymous_99)
FN:1193,(anonymous_100)
FN:1210,(anonymous_101)
FN:1217,(anonymous_102)
FN:1222,(anonymous_103)
FN:1222,(anonymous_104)
FN:1224,(anonymous_105)
FN:1225,(anonymous_106)
FN:1226,(anonymous_107)
FN:1231,(anonymous_108)
FN:1231,(anonymous_109)
FN:1232,(anonymous_110)
FNF:111
FNH:55
FNDA:16,(anonymous_0)
FNDA:17,getTalentKeringUrl
FNDA:169,(anonymous_2)
FNDA:78,(anonymous_3)
FNDA:6,(anonymous_4)
FNDA:8,(anonymous_5)
FNDA:7,(anonymous_6)
FNDA:6,(anonymous_7)
FNDA:42,(anonymous_8)
FNDA:0,(anonymous_9)
FNDA:80,(anonymous_10)
FNDA:0,(anonymous_11)
FNDA:25,(anonymous_12)
FNDA:6,(anonymous_13)
FNDA:5,(anonymous_14)
FNDA:2,(anonymous_15)
FNDA:4,(anonymous_16)
FNDA:2,(anonymous_17)
FNDA:1,(anonymous_18)
FNDA:1,(anonymous_19)
FNDA:1,(anonymous_20)
FNDA:1,(anonymous_21)
FNDA:0,(anonymous_22)
FNDA:0,(anonymous_23)
FNDA:0,(anonymous_24)
FNDA:53,(anonymous_25)
FNDA:1,(anonymous_26)
FNDA:1,(anonymous_27)
FNDA:3,(anonymous_28)
FNDA:0,(anonymous_29)
FNDA:0,(anonymous_30)
FNDA:0,(anonymous_31)
FNDA:0,(anonymous_32)
FNDA:0,(anonymous_33)
FNDA:0,(anonymous_34)
FNDA:0,(anonymous_35)
FNDA:0,(anonymous_36)
FNDA:0,(anonymous_37)
FNDA:0,(anonymous_38)
FNDA:0,(anonymous_39)
FNDA:0,(anonymous_40)
FNDA:0,(anonymous_41)
FNDA:0,(anonymous_42)
FNDA:0,(anonymous_43)
FNDA:0,(anonymous_44)
FNDA:0,(anonymous_45)
FNDA:0,(anonymous_46)
FNDA:0,(anonymous_47)
FNDA:0,(anonymous_48)
FNDA:0,(anonymous_49)
FNDA:26,(anonymous_50)
FNDA:21,(anonymous_51)
FNDA:20,(anonymous_52)
FNDA:20,(anonymous_53)
FNDA:19,(anonymous_54)
FNDA:20,(anonymous_55)
FNDA:16,(anonymous_56)
FNDA:2,(anonymous_57)
FNDA:18,(anonymous_58)
FNDA:17,(anonymous_59)
FNDA:16,(anonymous_60)
FNDA:16,(anonymous_61)
FNDA:16,(anonymous_62)
FNDA:16,(anonymous_63)
FNDA:16,(anonymous_64)
FNDA:16,(anonymous_65)
FNDA:0,(anonymous_66)
FNDA:0,(anonymous_67)
FNDA:0,(anonymous_68)
FNDA:0,(anonymous_69)
FNDA:0,(anonymous_70)
FNDA:0,(anonymous_71)
FNDA:16,(anonymous_72)
FNDA:16,(anonymous_73)
FNDA:0,(anonymous_74)
FNDA:0,(anonymous_75)
FNDA:0,(anonymous_76)
FNDA:0,(anonymous_77)
FNDA:16,(anonymous_78)
FNDA:0,(anonymous_79)
FNDA:0,(anonymous_80)
FNDA:0,(anonymous_81)
FNDA:0,(anonymous_82)
FNDA:17,(anonymous_83)
FNDA:0,(anonymous_84)
FNDA:0,(anonymous_85)
FNDA:0,(anonymous_86)
FNDA:0,(anonymous_87)
FNDA:0,(anonymous_88)
FNDA:0,(anonymous_89)
FNDA:0,(anonymous_90)
FNDA:0,(anonymous_91)
FNDA:0,(anonymous_92)
FNDA:0,(anonymous_93)
FNDA:0,(anonymous_94)
FNDA:0,(anonymous_95)
FNDA:0,(anonymous_96)
FNDA:119,(anonymous_97)
FNDA:0,(anonymous_98)
FNDA:0,(anonymous_99)
FNDA:10,(anonymous_100)
FNDA:3,(anonymous_101)
FNDA:20,(anonymous_102)
FNDA:26,(anonymous_103)
FNDA:26,(anonymous_104)
FNDA:0,(anonymous_105)
FNDA:1,(anonymous_106)
FNDA:8,(anonymous_107)
FNDA:80,(anonymous_108)
FNDA:26,(anonymous_109)
FNDA:2,(anonymous_110)
DA:33,2
DA:42,16
DA:44,2
DA:45,2
DA:46,2
DA:47,2
DA:48,2
DA:49,2
DA:50,2
DA:51,2
DA:52,2
DA:55,17
DA:56,17
DA:61,169
DA:62,169
DA:63,169
DA:64,169
DA:65,169
DA:66,169
DA:67,169
DA:68,169
DA:69,169
DA:70,169
DA:71,169
DA:72,169
DA:73,169
DA:74,169
DA:75,169
DA:76,169
DA:80,78
DA:81,78
DA:82,78
DA:83,1
DA:84,1
DA:87,77
DA:88,77
DA:90,77
DA:92,77
DA:97,77
DA:98,77
DA:99,77
DA:100,77
DA:101,77
DA:102,77
DA:103,77
DA:105,77
DA:107,6
DA:108,4
DA:109,3
DA:110,2
DA:111,1
DA:112,0
DA:114,1
DA:115,0
DA:119,8
DA:120,8
DA:121,8
DA:122,3
DA:123,3
DA:129,8
DA:134,3
DA:138,7
DA:139,7
DA:140,7
DA:141,3
DA:142,3
DA:143,1
DA:144,2
DA:145,2
DA:146,2
DA:147,2
DA:148,1
DA:154,6
DA:155,6
DA:156,6
DA:157,6
DA:158,2
DA:160,6
DA:161,6
DA:162,6
DA:163,5
DA:167,77
DA:168,77
DA:170,77
DA:172,77
DA:173,76
DA:174,76
DA:175,42
DA:176,42
DA:177,42
DA:178,42
DA:179,42
DA:180,42
DA:184,77
DA:185,76
DA:186,76
DA:187,0
DA:188,0
DA:189,0
DA:194,77
DA:198,80
DA:199,80
DA:200,78
DA:201,78
DA:203,78
DA:204,0
DA:205,0
DA:206,0
DA:207,0
DA:208,0
DA:209,0
DA:210,0
DA:211,0
DA:214,78
DA:218,25
DA:220,20
DA:221,20
DA:222,1
DA:223,1
DA:224,1
DA:225,1
DA:226,1
DA:229,19
DA:230,19
DA:232,19
DA:233,19
DA:235,19
DA:236,19
DA:237,19
DA:239,19
DA:240,19
DA:242,19
DA:243,18
DA:245,1
DA:248,19
DA:252,6
DA:256,4
DA:257,4
DA:258,4
DA:261,4
DA:262,4
DA:264,4
DA:265,4
DA:266,4
DA:267,4
DA:269,4
DA:271,4
DA:272,4
DA:273,4
DA:274,4
DA:276,4
DA:277,4
DA:279,4
DA:280,4
DA:284,5
DA:289,4
DA:290,4
DA:291,2
DA:295,4
DA:296,4
DA:297,4
DA:298,4
DA:300,4
DA:301,4
DA:302,4
DA:304,4
DA:305,4
DA:306,4
DA:311,4
DA:312,4
DA:314,4
DA:315,4
DA:317,4
DA:321,4
DA:322,4
DA:323,1
DA:324,3
DA:325,1
DA:326,2
DA:327,1
DA:328,1
DA:329,1
DA:334,2
DA:335,2
DA:336,2
DA:337,1
DA:338,1
DA:339,1
DA:340,1
DA:341,1
DA:342,1
DA:346,0
DA:348,0
DA:349,0
DA:350,0
DA:351,0
DA:354,0
DA:356,0
DA:357,0
DA:358,0
DA:359,0
DA:360,0
DA:361,0
DA:362,0
DA:364,0
DA:371,0
DA:379,0
DA:380,0
DA:383,0
DA:384,0
DA:388,53
DA:389,53
DA:390,53
DA:392,53
DA:394,53
DA:395,53
DA:396,53
DA:398,53
DA:399,53
DA:401,53
DA:402,52
DA:403,52
DA:404,51
DA:405,51
DA:407,52
DA:408,52
DA:411,1
DA:412,1
DA:414,1
DA:415,1
DA:416,1
DA:417,1
DA:418,1
DA:419,1
DA:420,1
DA:421,1
DA:423,1
DA:424,1
DA:425,1
DA:426,1
DA:427,1
DA:428,1
DA:429,1
DA:430,1
DA:432,1
DA:433,1
DA:435,1
DA:436,1
DA:437,1
DA:438,1
DA:439,1
DA:440,1
DA:441,1
DA:442,1
DA:444,1
DA:445,1
DA:446,1
DA:447,1
DA:448,1
DA:449,1
DA:450,1
DA:451,1
DA:454,1
DA:455,1
DA:456,1
DA:457,1
DA:458,1
DA:460,1
DA:461,1
DA:464,1
DA:465,3
DA:466,3
DA:467,0
DA:468,0
DA:469,0
DA:471,3
DA:472,0
DA:474,0
DA:475,0
DA:476,0
DA:477,0
DA:478,0
DA:479,0
DA:484,1
DA:485,1
DA:486,1
DA:488,1
DA:489,0
DA:490,0
DA:491,0
DA:492,0
DA:493,0
DA:496,1
DA:497,0
DA:498,0
DA:500,1
DA:501,0
DA:502,0
DA:504,1
DA:505,0
DA:506,0
DA:508,1
DA:509,0
DA:510,0
DA:512,1
DA:513,0
DA:514,0
DA:516,1
DA:517,0
DA:518,0
DA:520,1
DA:521,0
DA:522,0
DA:524,1
DA:525,0
DA:526,0
DA:528,1
DA:529,1
DA:530,1
DA:531,1
DA:532,1
DA:533,1
DA:534,1
DA:535,1
DA:537,1
DA:538,0
DA:540,1
DA:544,1
DA:550,26
DA:551,26
DA:552,26
DA:553,26
DA:554,4
DA:555,4
DA:559,21
DA:560,21
DA:561,21
DA:562,24
DA:563,24
DA:565,21
DA:569,20
DA:570,20
DA:571,20
DA:575,20
DA:576,20
DA:577,19
DA:578,20
DA:579,19
DA:580,19
DA:582,20
DA:588,16
DA:589,16
DA:591,16
DA:592,16
DA:594,16
DA:595,16
DA:596,16
DA:597,16
DA:598,16
DA:599,16
DA:601,16
DA:602,16
DA:604,16
DA:606,2
DA:607,2
DA:608,2
DA:609,2
DA:610,2
DA:611,1
DA:612,0
DA:613,0
DA:616,16
DA:617,18
DA:619,17
DA:620,2
DA:621,2
DA:625,16
DA:626,17
DA:629,16
DA:632,16
DA:634,16
DA:638,16
DA:640,16
DA:641,16
DA:643,16
DA:644,17
DA:646,16
DA:647,16
DA:648,16
DA:649,16
DA:650,16
DA:651,16
DA:654,16
DA:656,16
DA:657,0
DA:658,0
DA:661,16
DA:662,16
DA:663,16
DA:664,16
DA:666,16
DA:667,16
DA:669,16
DA:671,16
DA:673,16
DA:674,16
DA:675,16
DA:676,16
DA:677,16
DA:683,16
DA:684,16
DA:688,16
DA:692,16
DA:698,16
DA:700,16
DA:705,16
DA:706,16
DA:708,16
DA:709,14
DA:715,0
DA:716,0
DA:718,14
DA:721,16
DA:722,2
DA:729,0
DA:730,0
DA:733,2
DA:740,0
DA:741,0
DA:742,0
DA:744,0
DA:745,0
DA:746,0
DA:748,0
DA:749,0
DA:751,0
DA:755,16
DA:756,14
DA:758,0
DA:759,14
DA:761,0
DA:764,16
DA:766,16
DA:767,16
DA:768,16
DA:769,16
DA:771,16
DA:772,16
DA:774,16
DA:776,16
DA:779,16
DA:783,16
DA:785,16
DA:789,16
DA:791,16
DA:797,16
DA:798,14
DA:806,0
DA:807,0
DA:810,14
DA:812,0
DA:813,14
DA:815,0
DA:818,16
DA:821,0
DA:822,0
DA:823,0
DA:824,0
DA:825,0
DA:826,0
DA:829,16
DA:831,16
DA:832,16
DA:834,16
DA:835,16
DA:836,16
DA:837,16
DA:838,16
DA:840,16
DA:842,16
DA:843,16
DA:845,16
DA:846,16
DA:847,16
DA:849,16
DA:853,16
DA:855,16
DA:859,16
DA:861,16
DA:862,16
DA:866,16
DA:873,16
DA:874,14
DA:881,0
DA:882,0
DA:885,14
DA:886,14
DA:887,14
DA:890,16
DA:891,17
DA:892,17
DA:893,17
DA:895,17
DA:896,17
DA:898,17
DA:909,17
DA:913,17
DA:918,17
DA:920,17
DA:921,17
DA:927,17
DA:928,0
DA:931,17
DA:932,0
DA:936,17
DA:939,17
DA:940,0
DA:941,0
DA:942,0
DA:946,0
DA:951,0
DA:952,0
DA:961,0
DA:962,0
DA:964,0
DA:965,0
DA:966,0
DA:967,0
DA:968,0
DA:970,0
DA:978,0
DA:979,0
DA:984,0
DA:985,0
DA:986,0
DA:987,0
DA:989,0
DA:990,0
DA:991,0
DA:995,17
DA:996,17
DA:997,17
DA:1000,17
DA:1003,17
DA:1004,0
DA:1005,0
DA:1006,0
DA:1007,0
DA:1008,0
DA:1011,0
DA:1013,17
DA:1015,17
DA:1016,17
DA:1022,17
DA:1023,17
DA:1026,17
DA:1030,17
DA:1031,17
DA:1032,17
DA:1033,17
DA:1034,17
DA:1035,17
DA:1036,17
DA:1037,17
DA:1038,17
DA:1039,17
DA:1040,17
DA:1041,17
DA:1042,17
DA:1043,17
DA:1044,17
DA:1045,17
DA:1047,17
DA:1048,0
DA:1049,0
DA:1050,0
DA:1053,17
DA:1054,17
DA:1056,17
DA:1057,0
DA:1061,0
DA:1066,0
DA:1067,0
DA:1071,0
DA:1072,0
DA:1073,0
DA:1074,0
DA:1077,0
DA:1078,0
DA:1079,0
DA:1080,0
DA:1082,0
DA:1083,0
DA:1087,0
DA:1091,0
DA:1092,0
DA:1093,0
DA:1095,0
DA:1099,0
DA:1100,0
DA:1101,0
DA:1103,0
DA:1104,0
DA:1105,0
DA:1108,17
DA:1109,17
DA:1110,17
DA:1115,17
DA:1121,17
DA:1122,1
DA:1129,17
DA:1130,17
DA:1135,17
DA:1142,17
DA:1150,17
DA:1151,17
DA:1152,0
DA:1154,17
DA:1156,17
DA:1157,119
DA:1158,85
DA:1159,85
DA:1160,17
DA:1161,17
DA:1163,85
DA:1170,16
DA:1173,16
DA:1176,16
DA:1179,16
DA:1182,16
DA:1183,0
DA:1186,16
DA:1187,16
DA:1188,16
DA:1189,0
DA:1194,10
DA:1195,9
DA:1197,8
DA:1198,8
DA:1200,8
DA:1201,8
DA:1202,8
DA:1203,8
DA:1205,8
DA:1206,8
DA:1207,8
DA:1208,8
DA:1210,8
DA:1211,3
DA:1212,3
DA:1213,3
DA:1218,20
DA:1219,20
DA:1220,20
DA:1222,26
DA:1223,26
DA:1224,26
DA:1225,26
DA:1226,26
DA:1227,26
DA:1230,20
DA:1231,80
DA:1232,2
LF:663
LH:506
BRDA:54,0,0,17
BRDA:55,1,0,17
BRDA:55,1,1,0
BRDA:82,2,0,1
BRDA:82,2,1,77
BRDA:87,3,0,77
BRDA:87,3,1,77
BRDA:87,3,2,9
BRDA:88,4,0,77
BRDA:88,4,1,77
BRDA:88,4,2,9
BRDA:107,5,0,2
BRDA:107,5,1,4
BRDA:108,6,0,3
BRDA:108,6,1,1
BRDA:109,7,0,1
BRDA:109,7,1,2
BRDA:110,8,0,1
BRDA:110,8,1,1
BRDA:111,9,0,1
BRDA:111,9,1,0
BRDA:114,10,0,1
BRDA:114,10,1,0
BRDA:121,11,0,3
BRDA:121,11,1,5
BRDA:121,12,0,8
BRDA:121,12,1,8
BRDA:129,13,0,3
BRDA:129,13,1,5
BRDA:130,14,0,8
BRDA:130,14,1,7
BRDA:130,14,2,6
BRDA:140,15,0,3
BRDA:140,15,1,4
BRDA:140,16,0,7
BRDA:140,16,1,6
BRDA:142,17,0,1
BRDA:142,17,1,2
BRDA:144,18,0,2
BRDA:144,18,1,0
BRDA:144,19,0,2
BRDA:144,19,1,2
BRDA:144,19,2,2
BRDA:147,20,0,1
BRDA:147,20,1,1
BRDA:157,21,0,2
BRDA:157,21,1,4
BRDA:157,22,0,6
BRDA:157,22,1,6
BRDA:162,23,0,5
BRDA:162,23,1,1
BRDA:172,24,0,76
BRDA:172,24,1,1
BRDA:176,25,0,0
BRDA:176,25,1,42
BRDA:176,26,0,42
BRDA:176,26,1,42
BRDA:184,27,0,76
BRDA:184,27,1,1
BRDA:184,28,0,77
BRDA:184,28,1,77
BRDA:187,29,0,0
BRDA:187,29,1,0
BRDA:187,30,0,0
BRDA:187,30,1,0
BRDA:199,31,0,2
BRDA:199,31,1,78
BRDA:199,32,0,80
BRDA:199,32,1,79
BRDA:200,33,0,0
BRDA:200,33,1,78
BRDA:204,34,0,0
BRDA:204,34,1,0
BRDA:205,35,0,0
BRDA:205,35,1,0
BRDA:209,36,0,0
BRDA:209,36,1,0
BRDA:217,37,0,4
BRDA:218,38,0,5
BRDA:218,38,1,20
BRDA:218,39,0,25
BRDA:218,39,1,20
BRDA:218,39,2,20
BRDA:221,40,0,1
BRDA:221,40,1,19
BRDA:221,41,0,20
BRDA:221,41,1,20
BRDA:221,41,2,20
BRDA:221,41,3,20
BRDA:221,41,4,19
BRDA:242,42,0,18
BRDA:242,42,1,1
BRDA:251,43,0,2
BRDA:251,44,0,2
BRDA:252,45,0,2
BRDA:252,45,1,4
BRDA:252,46,0,6
BRDA:252,46,1,5
BRDA:256,47,0,4
BRDA:256,47,1,0
BRDA:258,48,0,1
BRDA:258,48,1,3
BRDA:280,49,0,2
BRDA:280,49,1,2
BRDA:283,50,0,1
BRDA:284,51,0,1
BRDA:284,51,1,4
BRDA:284,52,0,5
BRDA:284,52,1,4
BRDA:284,52,2,4
BRDA:289,53,0,4
BRDA:289,53,1,0
BRDA:291,54,0,2
BRDA:291,54,1,0
BRDA:321,55,0,4
BRDA:321,55,1,0
BRDA:322,56,0,1
BRDA:322,56,1,3
BRDA:324,57,0,1
BRDA:324,57,1,2
BRDA:326,58,0,1
BRDA:326,58,1,1
BRDA:328,59,0,1
BRDA:328,59,1,0
BRDA:336,60,0,1
BRDA:336,60,1,1
BRDA:336,61,0,2
BRDA:336,61,1,2
BRDA:345,62,0,0
BRDA:345,63,0,0
BRDA:345,64,0,0
BRDA:346,65,0,0
BRDA:346,65,1,0
BRDA:346,66,0,0
BRDA:346,66,1,0
BRDA:349,67,0,0
BRDA:349,67,1,0
BRDA:358,68,0,0
BRDA:358,68,1,0
BRDA:379,69,0,0
BRDA:379,69,1,0
BRDA:387,70,0,0
BRDA:389,71,0,53
BRDA:389,71,1,4
BRDA:390,72,0,53
BRDA:390,72,1,4
BRDA:395,73,0,53
BRDA:395,73,1,52
BRDA:395,73,2,52
BRDA:396,74,0,53
BRDA:396,74,1,52
BRDA:396,74,2,52
BRDA:401,75,0,52
BRDA:401,75,1,1
BRDA:403,76,0,51
BRDA:403,76,1,1
BRDA:405,77,0,0
BRDA:405,77,1,51
BRDA:407,78,0,1
BRDA:407,78,1,51
BRDA:456,79,0,1
BRDA:456,79,1,0
BRDA:458,80,0,0
BRDA:458,80,1,1
BRDA:461,81,0,0
BRDA:461,81,1,1
BRDA:475,82,0,0
BRDA:475,82,1,0
BRDA:489,83,0,0
BRDA:489,83,1,0
BRDA:491,84,0,0
BRDA:491,84,1,0
BRDA:491,85,0,0
BRDA:491,85,1,0
BRDA:492,86,0,0
BRDA:492,86,1,0
BRDA:492,87,0,0
BRDA:492,87,1,0
BRDA:541,88,0,0
BRDA:541,88,1,1
BRDA:542,89,0,0
BRDA:542,89,1,1
BRDA:552,90,0,26
BRDA:552,90,1,4
BRDA:553,91,0,22
BRDA:553,91,1,4
BRDA:559,92,0,20
BRDA:559,92,1,1
BRDA:562,93,0,24
BRDA:562,93,1,2
BRDA:562,93,2,0
BRDA:563,94,0,23
BRDA:563,94,1,1
BRDA:565,95,0,21
BRDA:565,95,1,2
BRDA:570,96,0,1
BRDA:570,96,1,19
BRDA:571,97,0,20
BRDA:571,97,1,2
BRDA:571,98,0,20
BRDA:571,98,1,0
BRDA:574,99,0,20
BRDA:574,100,0,20
BRDA:575,101,0,19
BRDA:575,101,1,1
BRDA:577,102,0,19
BRDA:577,102,1,0
BRDA:578,103,0,20
BRDA:578,103,1,0
BRDA:579,104,0,1
BRDA:579,104,1,18
BRDA:579,105,0,1
BRDA:579,105,1,0
BRDA:610,106,0,1
BRDA:610,106,1,1
BRDA:610,107,0,2
BRDA:610,107,1,2
BRDA:611,108,0,1
BRDA:611,108,1,0
BRDA:612,109,0,0
BRDA:612,109,1,0
BRDA:617,110,0,1
BRDA:617,110,1,17
BRDA:619,111,0,2
BRDA:619,111,1,15
BRDA:621,112,0,1
BRDA:621,112,1,1
BRDA:621,113,0,2
BRDA:621,113,1,2
BRDA:625,114,0,16
BRDA:625,114,1,0
BRDA:629,115,0,16
BRDA:629,115,1,1
BRDA:644,116,0,1
BRDA:644,116,1,16
BRDA:646,117,0,16
BRDA:646,117,1,0
BRDA:656,118,0,0
BRDA:656,118,1,16
BRDA:656,119,0,16
BRDA:656,119,1,0
BRDA:669,120,0,16
BRDA:669,120,1,0
BRDA:676,121,0,0
BRDA:676,121,1,16
BRDA:683,122,0,0
BRDA:683,122,1,16
BRDA:689,123,0,0
BRDA:689,123,1,16
BRDA:708,124,0,14
BRDA:708,124,1,2
BRDA:721,125,0,2
BRDA:721,125,1,14
BRDA:744,126,0,0
BRDA:744,126,1,0
BRDA:751,127,0,0
BRDA:751,127,1,0
BRDA:755,128,0,14
BRDA:755,128,1,2
BRDA:774,129,0,16
BRDA:774,129,1,0
BRDA:776,130,0,16
BRDA:776,130,1,1
BRDA:797,131,0,14
BRDA:797,131,1,2
BRDA:818,132,0,16
BRDA:818,132,1,0
BRDA:818,133,0,16
BRDA:818,133,1,16
BRDA:820,134,0,0
BRDA:820,134,1,0
BRDA:821,135,0,0
BRDA:821,135,1,0
BRDA:834,136,0,16
BRDA:834,136,1,0
BRDA:836,137,0,16
BRDA:836,137,1,1
BRDA:838,138,0,16
BRDA:838,138,1,1
BRDA:861,139,0,16
BRDA:861,139,1,2
BRDA:862,140,0,14
BRDA:862,140,1,2
BRDA:869,141,0,16
BRDA:869,141,1,2
BRDA:873,142,0,14
BRDA:873,142,1,2
BRDA:890,143,0,16
BRDA:890,143,1,0
BRDA:899,144,0,17
BRDA:899,144,1,0
BRDA:900,145,0,17
BRDA:900,145,1,0
BRDA:901,146,0,17
BRDA:901,146,1,0
BRDA:906,147,0,17
BRDA:906,147,1,0
BRDA:906,147,2,0
BRDA:909,148,0,17
BRDA:909,148,1,0
BRDA:910,149,0,0
BRDA:910,149,1,0
BRDA:915,150,0,17
BRDA:915,150,1,15
BRDA:920,151,0,17
BRDA:920,151,1,0
BRDA:927,152,0,0
BRDA:927,152,1,17
BRDA:927,153,0,17
BRDA:927,153,1,17
BRDA:927,154,0,17
BRDA:927,154,1,0
BRDA:931,155,0,0
BRDA:931,155,1,17
BRDA:936,156,0,17
BRDA:936,156,1,0
BRDA:958,157,0,0
BRDA:958,157,1,0
BRDA:962,158,0,0
BRDA:962,158,1,0
BRDA:964,159,0,0
BRDA:964,159,1,0
BRDA:987,160,0,0
BRDA:987,160,1,0
BRDA:990,161,0,0
BRDA:990,161,1,0
BRDA:990,162,0,0
BRDA:990,162,1,0
BRDA:1004,163,0,0
BRDA:1004,163,1,0
BRDA:1008,164,0,0
BRDA:1008,164,1,0
BRDA:1011,165,0,0
BRDA:1011,165,1,0
BRDA:1023,166,0,17
BRDA:1023,166,1,17
BRDA:1023,166,2,0
BRDA:1026,167,0,17
BRDA:1026,167,1,17
BRDA:1026,167,2,17
BRDA:1026,167,3,0
BRDA:1035,168,0,0
BRDA:1035,168,1,17
BRDA:1036,169,0,0
BRDA:1036,169,1,17
BRDA:1056,170,0,0
BRDA:1056,170,1,17
BRDA:1066,171,0,0
BRDA:1066,171,1,0
BRDA:1082,172,0,0
BRDA:1082,172,1,0
BRDA:1108,173,0,1
BRDA:1108,173,1,16
BRDA:1121,174,0,1
BRDA:1121,174,1,16
BRDA:1129,175,0,17
BRDA:1129,175,1,0
BRDA:1157,176,0,85
BRDA:1157,176,1,34
BRDA:1157,177,0,119
BRDA:1157,177,1,85
BRDA:1159,178,0,17
BRDA:1159,178,1,68
BRDA:1161,179,0,17
BRDA:1161,179,1,0
BRDA:1194,180,0,1
BRDA:1194,180,1,9
BRDA:1195,181,0,1
BRDA:1195,181,1,8
BRDA:1195,182,0,9
BRDA:1195,182,1,8
BRDA:1198,183,0,0
BRDA:1198,183,1,8
BRDA:1201,184,0,8
BRDA:1201,184,1,0
BRDA:1202,185,0,8
BRDA:1202,185,1,0
BRDA:1213,186,0,2
BRDA:1213,186,1,1
BRDA:1213,187,0,3
BRDA:1213,187,1,3
BRDA:1213,187,2,2
BRDA:1213,187,3,2
BRDA:1217,188,0,20
BRDA:1217,189,0,20
BRDA:1217,190,0,20
BRDA:1217,190,1,0
BRDA:1218,191,0,20
BRDA:1218,191,1,1
BRF:389
BRH:262
end_of_record
TN:
SF:js/solitaire/PeopleDatabase.js
FN:41,(anonymous_0)
FN:50,(anonymous_1)
FN:63,(anonymous_2)
FN:65,(anonymous_3)
FN:67,(anonymous_4)
FN:71,(anonymous_5)
FN:77,(anonymous_6)
FN:79,(anonymous_7)
FN:80,(anonymous_8)
FN:82,(anonymous_9)
FN:98,(anonymous_10)
FN:101,(anonymous_11)
FN:118,(anonymous_12)
FN:122,(anonymous_13)
FN:124,(anonymous_14)
FN:125,(anonymous_15)
FN:130,(anonymous_16)
FN:135,(anonymous_17)
FN:138,(anonymous_18)
FN:141,(anonymous_19)
FN:144,(anonymous_20)
FN:171,(anonymous_21)
FN:188,(anonymous_22)
FN:198,(anonymous_23)
FN:200,(anonymous_24)
FN:205,(anonymous_25)
FN:206,(anonymous_26)
FN:222,(anonymous_27)
FN:227,(anonymous_28)
FN:228,(anonymous_29)
FN:232,(anonymous_30)
FN:235,(anonymous_31)
FN:242,(anonymous_32)
FN:244,(anonymous_33)
FN:245,(anonymous_34)
FN:246,(anonymous_35)
FN:248,(anonymous_36)
FN:254,(anonymous_37)
FN:258,(anonymous_38)
FN:260,(anonymous_39)
FN:263,(anonymous_40)
FN:267,(anonymous_41)
FN:274,(anonymous_42)
FN:277,(anonymous_43)
FN:281,(anonymous_44)
FN:287,(anonymous_45)
FNF:46
FNH:36
FNDA:90,(anonymous_0)
FNDA:26,(anonymous_1)
FNDA:48,(anonymous_2)
FNDA:19,(anonymous_3)
FNDA:124,(anonymous_4)
FNDA:19,(anonymous_5)
FNDA:1,(anonymous_6)
FNDA:1,(anonymous_7)
FNDA:1,(anonymous_8)
FNDA:1,(anonymous_9)
FNDA:8,(anonymous_10)
FNDA:0,(anonymous_11)
FNDA:8,(anonymous_12)
FNDA:1,(anonymous_13)
FNDA:1,(anonymous_14)
FNDA:1,(anonymous_15)
FNDA:1,(anonymous_16)
FNDA:8,(anonymous_17)
FNDA:14,(anonymous_18)
FNDA:14,(anonymous_19)
FNDA:14,(anonymous_20)
FNDA:6,(anonymous_21)
FNDA:8,(anonymous_22)
FNDA:13,(anonymous_23)
FNDA:5,(anonymous_24)
FNDA:13,(anonymous_25)
FNDA:104,(anonymous_26)
FNDA:104,(anonymous_27)
FNDA:0,(anonymous_28)
FNDA:0,(anonymous_29)
FNDA:0,(anonymous_30)
FNDA:0,(anonymous_31)
FNDA:0,(anonymous_32)
FNDA:0,(anonymous_33)
FNDA:0,(anonymous_34)
FNDA:0,(anonymous_35)
FNDA:0,(anonymous_36)
FNDA:28,(anonymous_37)
FNDA:3,(anonymous_38)
FNDA:6,(anonymous_39)
FNDA:6,(anonymous_40)
FNDA:3,(anonymous_41)
FNDA:6,(anonymous_42)
FNDA:6,(anonymous_43)
FNDA:1,(anonymous_44)
FNDA:2,(anonymous_45)
DA:29,2
DA:42,90
DA:43,90
DA:44,90
DA:45,90
DA:46,90
DA:47,90
DA:51,26
DA:52,17
DA:53,17
DA:56,9
DA:57,9
DA:58,9
DA:60,9
DA:61,9
DA:63,48
DA:65,8
DA:66,19
DA:67,19
DA:68,124
DA:70,19
DA:71,19
DA:73,8
DA:74,8
DA:75,1
DA:76,1
DA:77,1
DA:79,1
DA:80,1
DA:81,1
DA:82,1
DA:83,1
DA:87,8
DA:88,8
DA:89,8
DA:91,8
DA:93,8
DA:94,8
DA:95,8
DA:97,8
DA:98,8
DA:100,8
DA:101,0
DA:104,8
DA:105,8
DA:107,8
DA:119,8
DA:120,1
DA:121,1
DA:122,1
DA:124,1
DA:125,1
DA:127,1
DA:128,1
DA:129,1
DA:130,1
DA:136,8
DA:137,8
DA:138,14
DA:139,14
DA:141,14
DA:142,14
DA:144,14
DA:145,14
DA:147,14
DA:148,14
DA:150,14
DA:151,14
DA:153,14
DA:154,14
DA:156,14
DA:157,14
DA:162,14
DA:163,13
DA:169,14
DA:170,14
DA:171,6
DA:174,14
DA:175,14
DA:176,14
DA:178,14
DA:179,13
DA:185,8
DA:189,8
DA:191,8
DA:192,8
DA:193,8
DA:194,8
DA:195,8
DA:196,8
DA:198,8
DA:199,13
DA:200,13
DA:201,13
DA:205,8
DA:206,13
DA:207,104
DA:219,8
DA:223,104
DA:225,0
DA:227,0
DA:228,0
DA:232,0
DA:233,0
DA:234,0
DA:235,0
DA:236,0
DA:237,0
DA:243,0
DA:244,0
DA:245,0
DA:246,0
DA:249,0
DA:250,0
DA:255,28
DA:259,3
DA:260,6
DA:264,6
DA:268,3
DA:269,3
DA:271,2
DA:272,2
DA:274,2
DA:275,6
DA:276,6
DA:277,6
DA:280,2
DA:281,1
DA:284,2
DA:288,2
LF:130
LH:114
BRDA:51,0,0,17
BRDA:51,0,1,9
BRDA:61,1,0,1
BRDA:61,1,1,8
BRDA:68,2,0,124
BRDA:68,2,1,0
BRDA:71,3,0,19
BRDA:71,3,1,0
BRDA:74,4,0,1
BRDA:74,4,1,7
BRDA:81,5,0,1
BRDA:81,5,1,0
BRDA:88,6,0,8
BRDA:88,6,1,7
BRDA:97,7,0,8
BRDA:97,7,1,0
BRDA:98,8,0,8
BRDA:98,8,1,8
BRDA:100,9,0,0
BRDA:100,9,1,8
BRDA:100,10,0,8
BRDA:100,10,1,0
BRDA:101,11,0,0
BRDA:101,11,1,0
BRDA:119,12,0,7
BRDA:119,12,1,1
BRDA:127,13,0,1
BRDA:127,13,1,0
BRDA:129,14,0,1
BRDA:129,14,1,0
BRDA:138,15,0,14
BRDA:138,15,1,2
BRDA:139,16,0,2
BRDA:139,16,1,12
BRDA:141,17,0,14
BRDA:141,17,1,2
BRDA:142,18,0,2
BRDA:142,18,1,12
BRDA:144,19,0,14
BRDA:144,19,1,2
BRDA:145,20,0,2
BRDA:145,20,1,12
BRDA:148,21,0,8
BRDA:148,21,1,6
BRDA:151,22,0,8
BRDA:151,22,1,6
BRDA:154,23,0,8
BRDA:154,23,1,6
BRDA:156,24,0,14
BRDA:156,24,1,0
BRDA:157,25,0,14
BRDA:157,25,1,0
BRDA:157,25,2,0
BRDA:157,25,3,0
BRDA:157,26,0,14
BRDA:157,26,1,0
BRDA:158,27,0,0
BRDA:158,27,1,0
BRDA:159,28,0,0
BRDA:159,28,1,0
BRDA:162,29,0,13
BRDA:162,29,1,1
BRDA:176,30,0,14
BRDA:176,30,1,0
BRDA:178,31,0,13
BRDA:178,31,1,1
BRDA:178,32,0,14
BRDA:178,32,1,14
BRDA:194,33,0,8
BRDA:194,33,1,0
BRDA:195,34,0,8
BRDA:195,34,1,0
BRDA:196,35,0,8
BRDA:196,35,1,0
BRDA:199,36,0,0
BRDA:199,36,1,13
BRDA:200,37,0,13
BRDA:200,37,1,0
BRDA:223,38,0,104
BRDA:223,38,1,0
BRDA:226,39,0,0
BRDA:226,39,1,0
BRDA:234,40,0,0
BRDA:234,40,1,0
BRDA:236,41,0,0
BRDA:236,41,1,0
BRDA:244,42,0,0
BRDA:244,42,1,0
BRDA:259,43,0,3
BRDA:259,43,1,0
BRDA:260,44,0,6
BRDA:260,44,1,0
BRDA:264,45,0,6
BRDA:264,45,1,2
BRDA:267,46,0,2
BRDA:267,47,0,3
BRDA:269,48,0,1
BRDA:269,48,1,2
BRDA:276,49,0,0
BRDA:276,49,1,6
BRDA:280,50,0,1
BRDA:280,50,1,1
BRF:102
BRH:65
end_of_record
TN:
SF:js/solitaire/ScenarioManager.js
FN:6,(anonymous_0)
FN:11,(anonymous_1)
FN:19,(anonymous_2)
FN:23,(anonymous_3)
FN:27,(anonymous_4)
FN:36,(anonymous_5)
FN:44,(anonymous_6)
FN:58,(anonymous_7)
FN:85,(anonymous_8)
FN:95,(anonymous_9)
FN:116,(anonymous_10)
FN:127,(anonymous_11)
FN:137,(anonymous_12)
FN:146,(anonymous_13)
FNF:14
FNH:11
FNDA:93,(anonymous_0)
FNDA:9,(anonymous_1)
FNDA:6,(anonymous_2)
FNDA:6,(anonymous_3)
FNDA:3,(anonymous_4)
FNDA:3,(anonymous_5)
FNDA:3,(anonymous_6)
FNDA:0,(anonymous_7)
FNDA:7,(anonymous_8)
FNDA:1,(anonymous_9)
FNDA:0,(anonymous_10)
FNDA:4,(anonymous_11)
FNDA:3,(anonymous_12)
FNDA:0,(anonymous_13)
DA:3,2
DA:7,93
DA:8,93
DA:12,9
DA:13,9
DA:15,1
DA:20,6
DA:24,6
DA:28,3
DA:29,3
DA:30,2
DA:31,2
DA:32,1
DA:33,1
DA:37,3
DA:38,3
DA:39,2
DA:40,2
DA:41,1
DA:45,3
DA:46,3
DA:47,1
DA:48,1
DA:49,1
DA:51,3
DA:52,0
DA:53,0
DA:54,0
DA:55,0
DA:56,0
DA:58,0
DA:59,0
DA:61,0
DA:62,0
DA:64,0
DA:65,0
DA:68,3
DA:69,1
DA:70,1
DA:71,1
DA:72,1
DA:73,0
DA:75,1
DA:76,1
DA:79,3
DA:80,1
DA:81,1
DA:86,7
DA:87,7
DA:88,10
DA:89,8
DA:92,7
DA:96,1
DA:97,0
DA:98,0
DA:100,1
DA:101,1
DA:102,1
DA:103,1
DA:104,1
DA:105,1
DA:106,1
DA:107,1
DA:108,1
DA:109,1
DA:110,1
DA:111,1
DA:112,1
DA:113,0
DA:117,0
DA:118,0
DA:119,0
DA:120,0
DA:128,4
DA:134,4
DA:138,3
DA:139,3
DA:140,2
DA:141,1
DA:143,1
DA:147,0
DA:148,0
DA:149,0
DA:150,0
LF:84
LH:61
BRDA:13,0,0,9
BRDA:13,0,1,3
BRDA:29,1,0,1
BRDA:29,1,1,2
BRDA:31,2,0,1
BRDA:31,2,1,1
BRDA:31,3,0,2
BRDA:31,3,1,1
BRDA:31,3,2,1
BRDA:38,4,0,1
BRDA:38,4,1,2
BRDA:40,5,0,1
BRDA:40,5,1,1
BRDA:40,6,0,2
BRDA:40,6,1,2
BRDA:40,6,2,1
BRDA:46,7,0,1
BRDA:46,7,1,2
BRDA:51,8,0,0
BRDA:51,8,1,3
BRDA:55,9,0,0
BRDA:55,9,1,0
BRDA:55,10,0,0
BRDA:55,10,1,0
BRDA:55,10,2,0
BRDA:55,10,3,0
BRDA:59,11,0,0
BRDA:59,11,1,0
BRDA:68,12,0,1
BRDA:68,12,1,2
BRDA:79,13,0,1
BRDA:79,13,1,2
BRDA:87,14,0,7
BRDA:87,14,1,1
BRDA:88,15,0,8
BRDA:88,15,1,2
BRDA:88,16,0,10
BRDA:88,16,1,5
BRDA:88,16,2,4
BRDA:88,16,3,3
BRDA:96,17,0,0
BRDA:96,17,1,1
BRDA:96,18,0,1
BRDA:96,18,1,0
BRDA:112,19,0,1
BRDA:112,19,1,0
BRDA:117,20,0,0
BRDA:117,20,1,0
BRDA:117,21,0,0
BRDA:117,21,1,0
BRDA:120,22,0,0
BRDA:120,22,1,0
BRDA:120,23,0,0
BRDA:120,23,1,0
BRDA:131,24,0,4
BRDA:131,24,1,1
BRDA:138,25,0,3
BRDA:138,25,1,1
BRDA:139,26,0,1
BRDA:139,26,1,2
BRDA:140,27,0,1
BRDA:140,27,1,1
BRF:62
BRH:42
end_of_record
TN:
SF:js/solitaire/SolitaireApp.js
FN:22,(anonymous_0)
FN:34,(anonymous_1)
FN:40,(anonymous_2)
FN:59,(anonymous_3)
FN:65,(anonymous_4)
FN:69,(anonymous_5)
FN:71,(anonymous_6)
FN:72,(anonymous_7)
FN:76,(anonymous_8)
FN:77,(anonymous_9)
FN:83,(anonymous_10)
FN:87,(anonymous_11)
FN:95,(anonymous_12)
FN:108,(anonymous_13)
FN:114,(anonymous_14)
FN:116,(anonymous_15)
FN:118,(anonymous_16)
FN:120,(anonymous_17)
FN:122,(anonymous_18)
FN:126,(anonymous_19)
FN:127,(anonymous_20)
FN:129,(anonymous_21)
FN:138,(anonymous_22)
FN:139,(anonymous_23)
FN:140,(anonymous_24)
FN:141,(anonymous_25)
FN:145,(anonymous_26)
FN:155,(anonymous_27)
FN:156,(anonymous_28)
FN:189,(anonymous_29)
FN:190,(anonymous_30)
FN:191,(anonymous_31)
FN:196,(anonymous_32)
FN:202,(anonymous_33)
FN:204,(anonymous_34)
FN:208,(anonymous_35)
FN:239,(anonymous_36)
FN:252,(anonymous_37)
FN:254,(anonymous_38)
FN:259,(anonymous_39)
FN:260,(anonymous_40)
FN:270,(anonymous_41)
FN:273,(anonymous_42)
FN:278,(anonymous_43)
FN:288,(anonymous_44)
FN:298,(anonymous_45)
FN:300,(anonymous_46)
FN:320,(anonymous_47)
FN:327,(anonymous_48)
FN:329,(anonymous_49)
FN:332,(anonymous_50)
FN:346,(anonymous_51)
FN:349,(anonymous_52)
FN:354,(anonymous_53)
FN:357,(anonymous_54)
FN:358,(anonymous_55)
FN:359,(anonymous_56)
FN:365,(anonymous_57)
FN:366,(anonymous_58)
FN:378,(anonymous_59)
FN:379,(anonymous_60)
FN:389,(anonymous_61)
FN:390,(anonymous_62)
FN:394,(anonymous_63)
FN:402,(anonymous_64)
FN:403,(anonymous_65)
FN:418,(anonymous_66)
FN:420,(anonymous_67)
FN:451,(anonymous_68)
FN:455,(anonymous_69)
FN:459,(anonymous_70)
FN:463,(anonymous_71)
FN:471,(anonymous_72)
FN:472,(anonymous_73)
FN:473,(anonymous_74)
FN:480,(anonymous_75)
FN:484,(anonymous_76)
FN:487,(anonymous_77)
FN:493,(anonymous_78)
FN:496,(anonymous_79)
FN:499,(anonymous_80)
FN:503,(anonymous_81)
FN:506,(anonymous_82)
FN:509,(anonymous_83)
FNF:84
FNH:55
FNDA:75,(anonymous_0)
FNDA:75,(anonymous_1)
FNDA:9,(anonymous_2)
FNDA:15,(anonymous_3)
FNDA:5,(anonymous_4)
FNDA:18,(anonymous_5)
FNDA:18,(anonymous_6)
FNDA:18,(anonymous_7)
FNDA:8,(anonymous_8)
FNDA:8,(anonymous_9)
FNDA:0,(anonymous_10)
FNDA:18,(anonymous_11)
FNDA:3,(anonymous_12)
FNDA:4,(anonymous_13)
FNDA:1,(anonymous_14)
FNDA:0,(anonymous_15)
FNDA:0,(anonymous_16)
FNDA:0,(anonymous_17)
FNDA:0,(anonymous_18)
FNDA:0,(anonymous_19)
FNDA:0,(anonymous_20)
FNDA:1,(anonymous_21)
FNDA:0,(anonymous_22)
FNDA:0,(anonymous_23)
FNDA:0,(anonymous_24)
FNDA:0,(anonymous_25)
FNDA:3,(anonymous_26)
FNDA:14,(anonymous_27)
FNDA:14,(anonymous_28)
FNDA:0,(anonymous_29)
FNDA:0,(anonymous_30)
FNDA:0,(anonymous_31)
FNDA:0,(anonymous_32)
FNDA:0,(anonymous_33)
FNDA:0,(anonymous_34)
FNDA:9,(anonymous_35)
FNDA:13,(anonymous_36)
FNDA:4,(anonymous_37)
FNDA:4,(anonymous_38)
FNDA:11,(anonymous_39)
FNDA:33,(anonymous_40)
FNDA:10,(anonymous_41)
FNDA:0,(anonymous_42)
FNDA:13,(anonymous_43)
FNDA:0,(anonymous_44)
FNDA:1,(anonymous_45)
FNDA:0,(anonymous_46)
FNDA:0,(anonymous_47)
FNDA:10,(anonymous_48)
FNDA:0,(anonymous_49)
FNDA:0,(anonymous_50)
FNDA:0,(anonymous_51)
FNDA:0,(anonymous_52)
FNDA:0,(anonymous_53)
FNDA:0,(anonymous_54)
FNDA:0,(anonymous_55)
FNDA:1,(anonymous_56)
FNDA:11,(anonymous_57)
FNDA:2,(anonymous_58)
FNDA:11,(anonymous_59)
FNDA:2,(anonymous_60)
FNDA:11,(anonymous_61)
FNDA:2,(anonymous_62)
FNDA:1,(anonymous_63)
FNDA:10,(anonymous_64)
FNDA:2,(anonymous_65)
FNDA:16,(anonymous_66)
FNDA:2,(anonymous_67)
FNDA:1,(anonymous_68)
FNDA:1,(anonymous_69)
FNDA:0,(anonymous_70)
FNDA:1,(anonymous_71)
FNDA:23,(anonymous_72)
FNDA:2,(anonymous_73)
FNDA:4,(anonymous_74)
FNDA:1,(anonymous_75)
FNDA:1,(anonymous_76)
FNDA:1,(anonymous_77)
FNDA:1,(anonymous_78)
FNDA:1,(anonymous_79)
FNDA:1,(anonymous_80)
FNDA:1,(anonymous_81)
FNDA:1,(anonymous_82)
FNDA:1,(anonymous_83)
DA:23,75
DA:24,75
DA:25,75
DA:26,75
DA:27,75
DA:28,75
DA:29,75
DA:30,75
DA:32,75
DA:33,75
DA:34,75
DA:35,75
DA:36,75
DA:41,9
DA:42,9
DA:45,9
DA:46,9
DA:47,9
DA:48,9
DA:49,9
DA:50,9
DA:51,9
DA:52,9
DA:53,9
DA:54,9
DA:55,9
DA:56,9
DA:57,9
DA:59,9
DA:60,15
DA:61,9
DA:62,9
DA:63,4
DA:65,5
DA:69,9
DA:70,18
DA:71,18
DA:73,18
DA:74,18
DA:75,18
DA:76,8
DA:77,8
DA:78,8
DA:83,0
DA:88,18
DA:89,18
DA:90,1
DA:91,1
DA:92,1
DA:96,3
DA:97,3
DA:98,2
DA:100,1
DA:102,3
DA:103,3
DA:104,3
DA:105,3
DA:109,4
DA:110,4
DA:111,4
DA:112,4
DA:114,4
DA:116,4
DA:117,0
DA:118,0
DA:120,4
DA:121,0
DA:122,0
DA:125,4
DA:126,0
DA:127,0
DA:129,4
DA:130,1
DA:131,1
DA:132,1
DA:133,1
DA:134,1
DA:137,4
DA:138,0
DA:139,0
DA:140,0
DA:141,0
DA:143,4
DA:144,3
DA:145,3
DA:146,3
DA:147,3
DA:148,3
DA:149,3
DA:156,14
DA:157,14
DA:158,14
DA:159,14
DA:160,1
DA:161,1
DA:162,1
DA:164,13
DA:165,13
DA:166,13
DA:168,14
DA:169,14
DA:170,14
DA:171,14
DA:172,14
DA:175,14
DA:176,14
DA:177,7
DA:178,7
DA:179,7
DA:182,14
DA:184,14
DA:185,14
DA:186,14
DA:187,14
DA:189,14
DA:190,14
DA:191,14
DA:193,14
DA:194,14
DA:195,14
DA:196,2
DA:197,2
DA:198,2
DA:202,14
DA:203,0
DA:204,0
DA:209,9
DA:210,9
DA:211,9
DA:213,9
DA:214,2
DA:215,2
DA:216,2
DA:219,7
DA:220,2
DA:228,2
DA:229,1
DA:230,1
DA:231,1
DA:233,2
DA:236,5
DA:240,13
DA:241,13
DA:242,13
DA:243,13
DA:244,13
DA:245,10
DA:246,7
DA:247,5
DA:249,13
DA:253,4
DA:254,4
DA:255,4
DA:256,4
DA:260,11
DA:261,33
DA:262,33
DA:263,7
DA:265,11
DA:266,11
DA:267,11
DA:271,10
DA:272,10
DA:273,9
DA:274,0
DA:279,13
DA:280,13
DA:281,13
DA:282,13
DA:284,13
DA:285,13
DA:286,13
DA:288,13
DA:289,0
DA:290,0
DA:291,0
DA:292,0
DA:294,0
DA:295,0
DA:298,13
DA:300,13
DA:301,0
DA:302,0
DA:303,0
DA:304,0
DA:305,0
DA:306,0
DA:307,0
DA:308,0
DA:309,0
DA:310,0
DA:311,0
DA:312,0
DA:313,0
DA:314,0
DA:316,0
DA:317,0
DA:320,13
DA:321,0
DA:322,0
DA:323,0
DA:324,0
DA:327,13
DA:329,13
DA:331,13
DA:332,3
DA:333,0
DA:334,0
DA:335,0
DA:336,0
DA:337,0
DA:338,0
DA:339,0
DA:340,0
DA:341,0
DA:342,0
DA:344,0
DA:345,0
DA:346,0
DA:349,3
DA:350,0
DA:351,0
DA:352,0
DA:353,0
DA:354,0
DA:357,3
DA:358,3
DA:359,3
DA:361,10
DA:366,11
DA:367,2
DA:368,2
DA:369,2
DA:370,1
DA:372,1
DA:374,2
DA:379,11
DA:380,2
DA:381,2
DA:383,1
DA:384,1
DA:390,11
DA:391,2
DA:392,2
DA:393,1
DA:394,1
DA:395,1
DA:396,1
DA:398,1
DA:403,10
DA:404,2
DA:405,1
DA:406,1
DA:407,1
DA:408,1
DA:410,1
DA:411,1
DA:412,0
DA:414,1
DA:419,16
DA:420,16
DA:421,2
DA:422,2
DA:451,16
DA:452,1
DA:455,16
DA:456,1
DA:459,16
DA:460,0
DA:463,16
DA:464,1
DA:465,1
DA:468,16
DA:472,23
DA:473,4
DA:474,2
DA:475,2
DA:476,2
DA:477,2
DA:478,2
DA:480,23
DA:481,1
DA:484,23
DA:485,1
DA:487,23
DA:488,1
DA:490,23
DA:491,23
DA:493,23
DA:494,1
DA:496,23
DA:497,1
DA:499,23
DA:500,1
DA:503,23
DA:504,1
DA:506,23
DA:507,1
DA:509,23
DA:510,1
LF:300
LH:240
BRDA:36,0,0,6
BRDA:36,0,1,69
BRDA:42,1,0,0
BRDA:42,1,1,9
BRDA:50,2,0,1
BRDA:50,2,1,8
BRDA:60,3,0,6
BRDA:60,3,1,9
BRDA:62,4,0,4
BRDA:62,4,1,5
BRDA:75,5,0,8
BRDA:75,5,1,10
BRDA:89,6,0,17
BRDA:89,6,1,1
BRDA:97,7,0,2
BRDA:97,7,1,1
BRDA:97,8,0,3
BRDA:97,8,1,2
BRDA:102,9,0,1
BRDA:102,9,1,2
BRDA:114,10,0,1
BRDA:114,10,1,0
BRDA:126,11,0,0
BRDA:126,11,1,0
BRDA:127,12,0,0
BRDA:127,12,1,0
BRDA:130,13,0,0
BRDA:130,13,1,1
BRDA:143,14,0,3
BRDA:143,14,1,1
BRDA:147,15,0,0
BRDA:147,15,1,3
BRDA:148,16,0,3
BRDA:148,16,1,0
BRDA:155,17,0,14
BRDA:159,18,0,1
BRDA:159,18,1,13
BRDA:176,19,0,7
BRDA:176,19,1,7
BRDA:193,20,0,14
BRDA:193,20,1,0
BRDA:195,21,0,2
BRDA:195,21,1,12
BRDA:208,22,0,1
BRDA:211,23,0,9
BRDA:211,23,1,6
BRDA:211,23,2,1
BRDA:213,24,0,2
BRDA:213,24,1,7
BRDA:213,25,0,9
BRDA:213,25,1,8
BRDA:219,26,0,2
BRDA:219,26,1,5
BRDA:228,27,0,1
BRDA:228,27,1,1
BRDA:241,28,0,13
BRDA:241,28,1,3
BRDA:241,29,0,3
BRDA:241,29,1,0
BRDA:245,30,0,3
BRDA:245,30,1,7
BRDA:246,31,0,2
BRDA:246,31,1,5
BRDA:247,32,0,2
BRDA:247,32,1,3
BRDA:247,33,0,5
BRDA:247,33,1,0
BRDA:254,34,0,3
BRDA:254,34,1,1
BRDA:255,35,0,1
BRDA:255,35,1,3
BRDA:262,36,0,26
BRDA:262,36,1,7
BRDA:263,37,0,1
BRDA:263,37,1,6
BRDA:272,38,0,1
BRDA:272,38,1,9
BRDA:274,39,0,0
BRDA:274,39,1,0
BRDA:289,40,0,0
BRDA:289,40,1,0
BRDA:298,41,0,1
BRDA:298,41,1,0
BRDA:300,42,0,0
BRDA:306,43,0,0
BRDA:306,43,1,0
BRDA:309,44,0,0
BRDA:309,44,1,0
BRDA:312,45,0,0
BRDA:312,45,1,0
BRDA:320,46,0,0
BRDA:322,47,0,0
BRDA:322,47,1,0
BRDA:327,48,0,0
BRDA:327,48,1,10
BRDA:329,49,0,0
BRDA:329,49,1,0
BRDA:331,50,0,3
BRDA:331,50,1,10
BRDA:334,51,0,0
BRDA:334,51,1,0
BRDA:335,52,0,0
BRDA:335,52,1,0
BRDA:335,52,2,0
BRDA:336,53,0,0
BRDA:336,53,1,0
BRDA:339,54,0,0
BRDA:339,54,1,0
BRDA:339,55,0,0
BRDA:339,55,1,0
BRDA:351,56,0,0
BRDA:351,56,1,0
BRDA:357,57,0,0
BRDA:357,57,1,0
BRDA:358,58,0,0
BRDA:358,58,1,0
BRDA:359,59,0,0
BRDA:359,59,1,1
BRDA:367,60,0,0
BRDA:367,60,1,2
BRDA:369,61,0,1
BRDA:369,61,1,1
BRDA:392,62,0,1
BRDA:392,62,1,1
BRDA:404,63,0,1
BRDA:404,63,1,1
BRDA:411,64,0,0
BRDA:411,64,1,1
BRDA:465,65,0,1
BRDA:465,65,1,0
BRDA:475,66,0,2
BRDA:475,66,1,0
BRDA:477,67,0,2
BRDA:477,67,1,0
BRDA:494,68,0,1
BRDA:494,68,1,0
BRDA:497,69,0,1
BRDA:497,69,1,0
BRDA:500,70,0,1
BRDA:500,70,1,0
BRF:140
BRH:84
end_of_record
TN:
SF:js/solitaire/SolitaireSearch.js
FN:13,(anonymous_0)
FN:19,(anonymous_1)
FN:33,(anonymous_2)
FN:56,(anonymous_3)
FN:74,(anonymous_4)
FN:85,(anonymous_5)
FN:132,(anonymous_6)
FN:138,(anonymous_7)
FN:154,(anonymous_8)
FN:166,(anonymous_9)
FN:169,(anonymous_10)
FN:170,(anonymous_11)
FN:171,(anonymous_12)
FN:176,(anonymous_13)
FN:190,(anonymous_14)
FNF:15
FNH:9
FNDA:92,(anonymous_0)
FNDA:9,(anonymous_1)
FNDA:20,(anonymous_2)
FNDA:19,(anonymous_3)
FNDA:1,(anonymous_4)
FNDA:15,(anonymous_5)
FNDA:30,(anonymous_6)
FNDA:9,(anonymous_7)
FNDA:0,(anonymous_8)
FNDA:1,(anonymous_9)
FNDA:0,(anonymous_10)
FNDA:0,(anonymous_11)
FNDA:0,(anonymous_12)
FNDA:0,(anonymous_13)
FNDA:0,(anonymous_14)
DA:10,2
DA:14,92
DA:15,92
DA:16,92
DA:20,9
DA:21,9
DA:22,9
DA:23,9
DA:24,9
DA:25,9
DA:26,9
DA:27,9
DA:28,9
DA:29,9
DA:30,9
DA:34,20
DA:35,20
DA:36,20
DA:37,20
DA:38,20
DA:40,20
DA:41,1
DA:42,1
DA:45,19
DA:46,19
DA:47,11
DA:50,19
DA:56,19
DA:57,19
DA:58,19
DA:59,18
DA:60,18
DA:61,18
DA:64,19
DA:65,19
DA:66,19
DA:68,19
DA:70,1
DA:73,1
DA:74,1
DA:75,1
DA:76,1
DA:77,1
DA:80,18
DA:84,18
DA:85,18
DA:86,15
DA:87,15
DA:88,15
DA:89,15
DA:93,19
DA:94,8
DA:95,8
DA:96,8
DA:99,11
DA:100,1
DA:102,10
DA:103,10
DA:106,11
DA:107,11
DA:108,11
DA:110,11
DA:111,10
DA:115,10
DA:116,10
DA:119,10
DA:120,3
DA:122,7
DA:126,10
DA:127,10
DA:128,10
DA:130,10
DA:131,10
DA:132,30
DA:133,10
DA:134,0
DA:136,10
DA:137,10
DA:138,3
DA:139,9
DA:140,9
DA:141,0
DA:142,0
DA:148,10
DA:149,10
DA:150,0
DA:154,0
DA:160,10
DA:161,10
DA:162,10
DA:163,10
DA:165,1
DA:166,1
DA:167,1
DA:169,0
DA:170,0
DA:171,0
DA:172,0
DA:174,0
DA:175,0
DA:176,0
DA:177,0
DA:178,0
DA:180,0
DA:182,0
DA:190,0
DA:193,0
DA:196,1
DA:197,1
DA:198,1
LF:110
LH:92
BRDA:22,0,0,5
BRDA:22,0,1,4
BRDA:25,1,0,9
BRDA:25,1,1,0
BRDA:33,2,0,19
BRDA:35,3,0,20
BRDA:35,3,1,0
BRDA:36,4,0,20
BRDA:36,4,1,19
BRDA:40,5,0,1
BRDA:40,5,1,19
BRDA:40,6,0,20
BRDA:40,6,1,2
BRDA:46,7,0,11
BRDA:46,7,1,8
BRDA:46,8,0,19
BRDA:46,8,1,19
BRDA:57,9,0,19
BRDA:57,9,1,18
BRDA:58,10,0,1
BRDA:58,10,1,18
BRDA:59,11,0,0
BRDA:59,11,1,18
BRDA:60,12,0,0
BRDA:60,12,1,18
BRDA:68,13,0,1
BRDA:68,13,1,18
BRDA:68,14,0,19
BRDA:68,14,1,1
BRDA:70,15,0,1
BRDA:70,15,1,0
BRDA:71,16,0,0
BRDA:71,16,1,0
BRDA:75,17,0,1
BRDA:75,17,1,1
BRDA:77,18,0,1
BRDA:77,18,1,0
BRDA:80,19,0,0
BRDA:80,19,1,18
BRDA:80,20,0,18
BRDA:80,20,1,0
BRDA:86,21,0,15
BRDA:86,21,1,0
BRDA:88,22,0,15
BRDA:88,22,1,15
BRDA:89,23,0,15
BRDA:89,23,1,3
BRDA:93,24,0,8
BRDA:93,24,1,11
BRDA:95,25,0,0
BRDA:95,25,1,8
BRDA:99,26,0,1
BRDA:99,26,1,10
BRDA:99,27,0,11
BRDA:99,27,1,2
BRDA:110,28,0,10
BRDA:110,28,1,1
BRDA:111,29,0,0
BRDA:111,29,1,10
BRDA:112,30,0,0
BRDA:112,30,1,0
BRDA:115,31,0,10
BRDA:115,31,1,0
BRDA:119,32,0,3
BRDA:119,32,1,7
BRDA:131,33,0,10
BRDA:131,33,1,0
BRDA:133,34,0,0
BRDA:133,34,1,10
BRDA:137,35,0,3
BRDA:137,35,1,7
BRDA:140,36,0,9
BRDA:140,36,1,0
BRDA:141,37,0,0
BRDA:141,37,1,0
BRDA:142,38,0,0
BRDA:142,38,1,0
BRDA:149,39,0,0
BRDA:149,39,1,10
BRDA:149,40,0,10
BRDA:149,40,1,0
BRDA:154,41,0,0
BRDA:154,41,1,0
BRDA:162,42,0,6
BRDA:162,42,1,4
BRDA:163,43,0,9
BRDA:163,43,1,1
BRDA:165,44,0,1
BRDA:165,44,1,1
BRDA:167,45,0,1
BRDA:167,45,1,0
BRDA:169,46,0,0
BRDA:169,46,1,0
BRDA:172,47,0,0
BRDA:172,47,1,0
BRDA:174,48,0,0
BRDA:174,48,1,0
BRDA:175,49,0,0
BRDA:175,49,1,0
BRDA:177,50,0,0
BRDA:177,50,1,0
BRDA:180,51,0,0
BRDA:180,51,1,0
BRF:103
BRH:63
end_of_record
TN:
SF:js/solitaire/TeamDetailDrawer.js
FN:10,(anonymous_0)
FN:14,(anonymous_1)
FN:64,(anonymous_2)
FN:87,(anonymous_3)
FN:88,(anonymous_4)
FN:93,(anonymous_5)
FN:95,(anonymous_6)
FN:109,(anonymous_7)
FN:119,(anonymous_8)
FN:122,(anonymous_9)
FN:139,multiHighlight
FN:144,(anonymous_11)
FN:151,(anonymous_12)
FN:162,(anonymous_13)
FN:184,(anonymous_14)
FN:194,(anonymous_15)
FN:197,(anonymous_16)
FN:198,(anonymous_17)
FNF:18
FNH:16
FNDA:94,(anonymous_0)
FNDA:13,(anonymous_1)
FNDA:9,(anonymous_2)
FNDA:4,(anonymous_3)
FNDA:4,(anonymous_4)
FNDA:1,(anonymous_5)
FNDA:1,(anonymous_6)
FNDA:1,(anonymous_7)
FNDA:3,(anonymous_8)
FNDA:5,(anonymous_9)
FNDA:3,multiHighlight
FNDA:0,(anonymous_11)
FNDA:0,(anonymous_12)
FNDA:2,(anonymous_13)
FNDA:13,(anonymous_14)
FNDA:9,(anonymous_15)
FNDA:1,(anonymous_16)
FNDA:1,(anonymous_17)
DA:11,94
DA:25,13
DA:27,12
DA:28,12
DA:30,12
DA:31,0
DA:32,0
DA:35,12
DA:36,12
DA:37,12
DA:38,12
DA:39,12
DA:42,12
DA:43,12
DA:44,12
DA:45,12
DA:46,12
DA:49,12
DA:50,12
DA:51,12
DA:52,12
DA:53,12
DA:56,12
DA:57,12
DA:58,12
DA:60,12
DA:61,12
DA:62,12
DA:64,12
DA:65,9
DA:66,9
DA:67,9
DA:68,9
DA:70,9
DA:71,9
DA:72,9
DA:74,9
DA:75,9
DA:77,9
DA:78,9
DA:79,9
DA:81,9
DA:83,9
DA:86,12
DA:87,4
DA:88,4
DA:92,12
DA:93,1
DA:94,1
DA:95,1
DA:96,1
DA:97,1
DA:101,1
DA:102,1
DA:104,1
DA:108,12
DA:109,1
DA:110,1
DA:116,12
DA:117,3
DA:119,3
DA:120,3
DA:122,3
DA:123,5
DA:124,5
DA:125,1
DA:126,1
DA:127,1
DA:128,1
DA:129,1
DA:131,4
DA:133,5
DA:136,3
DA:137,3
DA:139,3
DA:140,3
DA:141,3
DA:143,3
DA:144,0
DA:146,3
DA:148,3
DA:149,3
DA:150,0
DA:151,0
DA:152,0
DA:153,0
DA:154,0
DA:155,0
DA:160,3
DA:161,1
DA:162,1
DA:163,2
DA:164,2
DA:165,1
DA:166,1
DA:171,3
DA:172,1
DA:178,12
DA:179,12
DA:180,12
DA:181,12
DA:185,13
DA:186,13
DA:187,13
DA:188,6
DA:189,6
DA:190,6
DA:191,6
DA:195,9
DA:196,9
DA:197,9
DA:198,9
LF:112
LH:103
BRDA:22,0,0,13
BRDA:25,1,0,1
BRDA:25,1,1,12
BRDA:30,2,0,0
BRDA:30,2,1,12
BRDA:36,3,0,12
BRDA:36,3,1,0
BRDA:43,4,0,12
BRDA:43,4,1,0
BRDA:50,5,0,12
BRDA:50,5,1,0
BRDA:56,6,0,12
BRDA:56,6,1,0
BRDA:64,7,0,0
BRDA:64,8,0,0
BRDA:64,9,0,0
BRDA:67,10,0,5
BRDA:67,10,1,4
BRDA:68,11,0,9
BRDA:68,11,1,0
BRDA:81,12,0,9
BRDA:81,12,1,0
BRDA:86,13,0,4
BRDA:86,13,1,8
BRDA:92,14,0,1
BRDA:92,14,1,11
BRDA:92,15,0,12
BRDA:92,15,1,1
BRDA:99,16,0,1
BRDA:99,16,1,0
BRDA:108,17,0,1
BRDA:108,17,1,11
BRDA:108,18,0,12
BRDA:108,18,1,1
BRDA:116,19,0,3
BRDA:116,19,1,9
BRDA:116,20,0,12
BRDA:116,20,1,4
BRDA:116,20,2,4
BRDA:117,21,0,3
BRDA:117,21,1,2
BRDA:117,21,2,0
BRDA:124,22,0,1
BRDA:124,22,1,4
BRDA:141,23,0,1
BRDA:141,23,1,2
BRDA:148,24,0,3
BRDA:148,24,1,3
BRDA:149,25,0,0
BRDA:149,25,1,3
BRDA:153,26,0,0
BRDA:153,26,1,0
BRDA:155,27,0,0
BRDA:155,27,1,0
BRDA:160,28,0,1
BRDA:160,28,1,2
BRDA:161,29,0,1
BRDA:161,29,1,0
BRDA:163,30,0,2
BRDA:163,30,1,0
BRDA:164,31,0,1
BRDA:164,31,1,1
BRDA:166,32,0,1
BRDA:166,32,1,0
BRDA:171,33,0,1
BRDA:171,33,1,2
BRDA:187,34,0,7
BRDA:187,34,1,6
BRF:68
BRH:48
end_of_record
TN:
SF:js/solitaire/constants.js
FNF:0
FNH:0
DA:2,9
DA:3,9
DA:6,9
DA:7,9
DA:10,9
DA:11,9
DA:12,9
DA:15,9
DA:16,9
DA:17,9
DA:18,9
DA:19,9
DA:20,9
DA:21,9
LF:14
LH:14
BRF:0
BRH:0
end_of_record
TN:
SF:js/solitaire/layout.js
FN:3,countRowsByTeamCapacity
FN:18,computeThemeWidth
FN:24,computeStreamBoxWidthByCapacity
FN:55,computeStreamBoxWidthWrapped
FN:66,(anonymous_4)
FN:67,(anonymous_5)
FN:70,(anonymous_6)
FN:77,(anonymous_7)
FNF:8
FNH:8
FNDA:5,countRowsByTeamCapacity
FNDA:5,computeThemeWidth
FNDA:7,computeStreamBoxWidthByCapacity
FNDA:6,computeStreamBoxWidthWrapped
FNDA:6,(anonymous_4)
FNDA:5,(anonymous_5)
FNDA:5,(anonymous_6)
FNDA:5,(anonymous_7)
DA:4,5
DA:5,5
DA:6,5
DA:7,9
DA:8,8
DA:9,8
DA:10,1
DA:11,1
DA:13,8
DA:15,5
DA:19,5
DA:20,5
DA:21,5
DA:34,7
DA:35,7
DA:36,7
DA:37,7
DA:38,13
DA:39,12
DA:40,12
DA:41,12
DA:42,12
DA:43,1
DA:44,1
DA:45,1
DA:47,12
DA:48,12
DA:49,12
DA:51,7
DA:52,7
DA:65,6
DA:66,6
DA:67,6
DA:68,5
DA:70,6
DA:71,5
DA:73,6
DA:74,3
DA:75,3
DA:76,3
DA:77,5
DA:78,3
DA:79,3
DA:80,3
DA:82,3
LF:45
LH:45
BRDA:7,0,0,1
BRDA:7,0,1,8
BRDA:8,1,0,8
BRDA:8,1,1,1
BRDA:8,2,0,8
BRDA:8,2,1,0
BRDA:9,3,0,1
BRDA:9,3,1,7
BRDA:9,4,0,8
BRDA:9,4,1,3
BRDA:19,5,0,5
BRDA:19,5,1,0
BRDA:20,6,0,0
BRDA:20,6,1,5
BRDA:30,7,0,6
BRDA:31,8,0,6
BRDA:32,9,0,6
BRDA:38,10,0,1
BRDA:38,10,1,12
BRDA:39,11,0,12
BRDA:39,11,1,0
BRDA:39,12,0,12
BRDA:39,12,1,0
BRDA:42,13,0,1
BRDA:42,13,1,11
BRDA:42,14,0,12
BRDA:42,14,1,6
BRDA:47,15,0,5
BRDA:47,15,1,7
BRDA:61,16,0,3
BRDA:62,17,0,3
BRDA:63,18,0,4
BRDA:73,19,0,3
BRDA:73,19,1,3
BRDA:73,20,0,6
BRDA:73,20,1,6
BRDA:77,21,0,5
BRDA:77,21,1,0
BRDA:80,22,0,3
BRDA:80,22,1,0
BRF:40
BRH:33
end_of_record
TN:
SF:js/solitaire/legend.js
FN:19,makeKeyColorScale
FN:22,(anonymous_1)
FN:24,(anonymous_2)
FN:25,(anonymous_3)
FN:26,(anonymous_4)
FN:30,getLegendTitleFor
FN:37,computeKeysAndCounts
FN:45,(anonymous_7)
FN:53,computeKeysAndCountsFromVisibleOrg
FN:58,(anonymous_9)
FN:65,(anonymous_10)
FN:73,(anonymous_11)
FN:76,(anonymous_12)
FN:78,(anonymous_13)
FN:80,(anonymous_14)
FN:92,(anonymous_15)
FN:100,updateLegend
FN:106,(anonymous_17)
FN:114,buildLegendaColorScale
FN:117,(anonymous_19)
FN:125,(anonymous_20)
FN:130,(anonymous_21)
FN:134,(anonymous_22)
FN:136,(anonymous_23)
FNF:24
FNH:21
FNDA:12,makeKeyColorScale
FNDA:11,(anonymous_1)
FNDA:7,(anonymous_2)
FNDA:1,(anonymous_3)
FNDA:2,(anonymous_4)
FNDA:11,getLegendTitleFor
FNDA:6,computeKeysAndCounts
FNDA:12,(anonymous_7)
FNDA:10,computeKeysAndCountsFromVisibleOrg
FNDA:1,(anonymous_9)
FNDA:2,(anonymous_10)
FNDA:2,(anonymous_11)
FNDA:1,(anonymous_12)
FNDA:2,(anonymous_13)
FNDA:3,(anonymous_14)
FNDA:1,(anonymous_15)
FNDA:1,updateLegend
FNDA:2,(anonymous_17)
FNDA:2,buildLegendaColorScale
FNDA:0,(anonymous_19)
FNDA:4,(anonymous_20)
FNDA:3,(anonymous_21)
FNDA:0,(anonymous_22)
FNDA:0,(anonymous_23)
DA:17,3
DA:20,12
DA:21,12
DA:22,12
DA:23,12
DA:24,12
DA:25,12
DA:26,12
DA:27,12
DA:31,11
DA:32,6
DA:33,3
DA:34,1
DA:38,6
DA:39,6
DA:40,16
DA:41,16
DA:42,16
DA:44,6
DA:45,12
DA:46,6
DA:47,6
DA:48,12
DA:50,6
DA:54,10
DA:55,10
DA:56,10
DA:58,10
DA:59,1
DA:60,0
DA:61,0
DA:62,0
DA:65,10
DA:66,2
DA:67,2
DA:68,0
DA:69,0
DA:70,0
DA:73,10
DA:74,2
DA:75,1
DA:76,1
DA:77,1
DA:78,1
DA:79,2
DA:80,2
DA:81,3
DA:82,3
DA:83,2
DA:84,2
DA:85,2
DA:91,10
DA:92,1
DA:93,10
DA:94,10
DA:95,2
DA:97,10
DA:101,1
DA:102,1
DA:103,1
DA:104,1
DA:105,1
DA:106,1
DA:107,2
DA:108,2
DA:109,2
DA:110,2
DA:115,2
DA:116,1
DA:117,0
DA:119,1
DA:121,1
DA:122,1
DA:123,2
DA:124,2
DA:125,2
DA:126,4
DA:129,1
DA:130,1
DA:131,3
DA:133,1
DA:134,1
DA:135,0
DA:136,0
DA:138,1
LF:85
LH:76
BRDA:23,0,0,2
BRDA:23,0,1,10
BRDA:24,1,0,7
BRDA:24,1,1,2
BRDA:26,2,0,2
BRDA:26,2,1,0
BRDA:31,3,0,5
BRDA:31,3,1,6
BRDA:32,4,0,3
BRDA:32,4,1,3
BRDA:33,5,0,2
BRDA:33,5,1,1
BRDA:39,6,0,6
BRDA:39,6,1,1
BRDA:41,7,0,16
BRDA:41,7,1,4
BRDA:42,8,0,16
BRDA:42,8,1,12
BRDA:48,9,0,4
BRDA:48,9,1,8
BRDA:59,10,0,1
BRDA:59,10,1,0
BRDA:59,11,0,1
BRDA:59,11,1,0
BRDA:60,12,0,0
BRDA:60,12,1,0
BRDA:62,13,0,0
BRDA:62,13,1,0
BRDA:66,14,0,0
BRDA:66,14,1,2
BRDA:67,15,0,2
BRDA:67,15,1,0
BRDA:67,16,0,2
BRDA:67,16,1,0
BRDA:68,17,0,0
BRDA:68,17,1,0
BRDA:68,18,0,0
BRDA:68,18,1,0
BRDA:69,19,0,0
BRDA:69,19,1,0
BRDA:69,20,0,0
BRDA:69,20,1,0
BRDA:70,21,0,0
BRDA:70,21,1,0
BRDA:73,22,0,10
BRDA:73,22,1,1
BRDA:74,23,0,1
BRDA:74,23,1,1
BRDA:74,24,0,2
BRDA:74,24,1,0
BRDA:75,25,0,0
BRDA:75,25,1,1
BRDA:76,26,0,1
BRDA:76,26,1,0
BRDA:77,27,0,0
BRDA:77,27,1,1
BRDA:77,28,0,1
BRDA:77,28,1,0
BRDA:78,29,0,1
BRDA:78,29,1,0
BRDA:79,30,0,0
BRDA:79,30,1,2
BRDA:79,31,0,2
BRDA:79,31,1,0
BRDA:80,32,0,2
BRDA:80,32,1,0
BRDA:82,33,0,1
BRDA:82,33,1,2
BRDA:82,34,0,3
BRDA:82,34,1,3
BRDA:83,35,0,2
BRDA:83,35,1,0
BRDA:85,36,0,2
BRDA:85,36,1,2
BRDA:92,37,0,1
BRDA:92,37,1,1
BRDA:95,38,0,1
BRDA:95,38,1,1
BRDA:107,39,0,2
BRDA:107,39,1,0
BRDA:115,40,0,1
BRDA:115,40,1,1
BRDA:115,41,0,2
BRDA:115,41,1,2
BRDA:117,42,0,0
BRDA:117,42,1,0
BRDA:117,43,0,0
BRDA:117,43,1,0
BRDA:123,44,0,2
BRDA:123,44,1,0
BRDA:126,45,0,2
BRDA:126,45,1,2
BRDA:126,46,0,4
BRDA:126,46,1,4
BRDA:131,47,0,2
BRDA:131,47,1,1
BRDA:135,48,0,0
BRDA:135,48,1,0
BRF:98
BRH:60
end_of_record
TN:
SF:js/solitaire/orgUtils.js
FN:4,getAllowedStreamsSet
FN:7,(anonymous_1)
FN:9,(anonymous_2)
FN:13,buildCompositeKey
FN:19,collectMembersFromOrganization
FN:31,filterOrganizationByStreams
FN:41,getVisiblePeopleForLegend
FN:43,(anonymous_7)
FN:46,(anonymous_8)
FN:48,(anonymous_9)
FN:52,countTeamsForMemberInOrg
FN:62,(anonymous_11)
FN:71,getNameFromTitleEl
FN:76,isOnlyContributorsRow
FN:81,hasTeamDrawerContent
FNF:15
FNH:15
FNDA:28,getAllowedStreamsSet
FNDA:4,(anonymous_1)
FNDA:3,(anonymous_2)
FNDA:41,buildCompositeKey
FNDA:2,collectMembersFromOrganization
FNDA:21,filterOrganizationByStreams
FNDA:5,getVisiblePeopleForLegend
FNDA:12,(anonymous_7)
FNDA:12,(anonymous_8)
FNDA:12,(anonymous_9)
FNDA:4,countTeamsForMemberInOrg
FNDA:7,(anonymous_11)
FNDA:4,getNameFromTitleEl
FNDA:19,isOnlyContributorsRow
FNDA:23,hasTeamDrawerContent
DA:5,28
DA:6,28
DA:7,4
DA:8,2
DA:9,3
DA:10,2
DA:14,41
DA:15,41
DA:16,41
DA:20,2
DA:21,2
DA:22,2
DA:23,2
DA:24,3
DA:28,2
DA:32,21
DA:33,4
DA:34,4
DA:35,9
DA:36,9
DA:38,4
DA:42,5
DA:43,3
DA:44,12
DA:45,12
DA:46,12
DA:47,9
DA:48,12
DA:53,4
DA:54,4
DA:55,3
DA:56,3
DA:57,6
DA:58,3
DA:59,3
DA:60,3
DA:61,6
DA:62,7
DA:64,6
DA:68,3
DA:72,4
DA:73,4
DA:77,19
DA:78,19
DA:82,23
LF:45
LH:45
BRDA:6,0,0,26
BRDA:6,0,1,2
BRDA:13,1,0,6
BRDA:16,2,0,37
BRDA:16,2,1,4
BRDA:16,3,0,41
BRDA:16,3,1,5
BRDA:32,4,0,17
BRDA:32,4,1,4
BRDA:32,5,0,21
BRDA:32,5,1,5
BRDA:34,6,0,4
BRDA:34,6,1,1
BRDA:35,7,0,9
BRDA:35,7,1,8
BRDA:36,8,0,2
BRDA:36,8,1,7
BRDA:42,9,0,2
BRDA:42,9,1,3
BRDA:42,10,0,5
BRDA:42,10,1,4
BRDA:44,11,0,12
BRDA:44,11,1,3
BRDA:45,12,0,3
BRDA:45,12,1,9
BRDA:47,13,0,0
BRDA:47,13,1,9
BRDA:48,14,0,12
BRDA:48,14,1,8
BRDA:52,15,0,4
BRDA:54,16,0,1
BRDA:54,16,1,3
BRDA:56,17,0,3
BRDA:56,17,1,0
BRDA:57,18,0,3
BRDA:57,18,1,3
BRDA:58,19,0,3
BRDA:58,19,1,0
BRDA:59,20,0,0
BRDA:59,20,1,3
BRDA:60,21,0,3
BRDA:60,21,1,0
BRDA:61,22,0,6
BRDA:61,22,1,0
BRDA:64,23,0,4
BRDA:64,23,1,2
BRDA:72,24,0,4
BRDA:72,24,1,2
BRDA:77,25,0,19
BRDA:77,25,1,2
BRDA:83,26,0,23
BRDA:83,26,1,16
BRDA:83,26,2,8
BRDA:83,26,3,3
BRDA:83,26,4,7
BRDA:83,26,5,3
BRDA:83,26,6,6
BRDA:83,26,7,1
BRF:58
BRH:52
end_of_record
TN:
SF:js/solitaire/personReport.js
FN:9,splitFirstLast
FN:16,buildPersonReportBody
FN:48,askModal
FN:57,(anonymous_3)
FN:64,askHideStreamModal
FN:77,(anonymous_5)
FN:80,openPersonReportCompose
FNF:7
FNH:6
FNDA:10,splitFirstLast
FNDA:10,buildPersonReportBody
FNDA:5,askModal
FNDA:5,(anonymous_3)
FNDA:3,askHideStreamModal
FNDA:3,(anonymous_5)
FNDA:0,openPersonReportCompose
DA:10,10
DA:11,10
DA:12,8
DA:13,2
DA:17,10
DA:18,10
DA:19,10
DA:20,10
DA:21,10
DA:22,10
DA:23,10
DA:24,10
DA:25,10
DA:26,10
DA:27,10
DA:49,5
DA:58,5
DA:59,4
DA:60,3
DA:65,3
DA:77,3
DA:81,0
DA:82,0
DA:83,0
DA:84,0
DA:85,0
DA:87,0
DA:88,0
DA:90,0
DA:91,0
DA:92,0
DA:93,0
DA:94,0
DA:96,0
DA:99,0
DA:100,0
LF:36
LH:21
BRDA:9,0,0,0
BRDA:10,1,0,10
BRDA:10,1,1,2
BRDA:11,2,0,2
BRDA:11,2,1,8
BRDA:12,3,0,6
BRDA:12,3,1,2
BRDA:16,4,0,1
BRDA:17,5,0,10
BRDA:17,5,1,0
BRDA:18,6,0,10
BRDA:18,6,1,2
BRDA:20,7,0,10
BRDA:20,7,1,9
BRDA:20,7,2,8
BRDA:21,8,0,10
BRDA:21,8,1,9
BRDA:21,8,2,8
BRDA:21,8,3,8
BRDA:22,9,0,10
BRDA:22,9,1,9
BRDA:23,10,0,10
BRDA:23,10,1,9
BRDA:24,11,0,10
BRDA:24,11,1,10
BRDA:24,11,2,10
BRDA:25,12,0,10
BRDA:25,12,1,9
BRDA:25,12,2,9
BRDA:26,13,0,10
BRDA:26,13,1,9
BRDA:26,13,2,8
BRDA:58,14,0,1
BRDA:58,14,1,4
BRDA:59,15,0,1
BRDA:59,15,1,3
BRDA:81,16,0,0
BRDA:81,16,1,0
BRDA:83,17,0,0
BRDA:83,17,1,0
BRDA:87,18,0,0
BRDA:87,18,1,0
BRDA:90,19,0,0
BRDA:90,19,1,0
BRDA:93,20,0,0
BRDA:93,20,1,0
BRF:46
BRH:34
end_of_record
TN:
SF:js/solitaire/scenarioUtils.js
FN:1,buildExpandedLayoutMapFromDom
FN:3,(anonymous_1)
FNF:2
FNH:2
FNDA:10,buildExpandedLayoutMapFromDom
FNDA:9,(anonymous_1)
DA:2,10
DA:3,10
DA:4,9
DA:5,9
DA:6,9
DA:7,9
DA:8,9
DA:9,9
DA:10,9
DA:11,9
DA:12,9
DA:13,1
DA:14,1
DA:15,1
DA:16,1
DA:18,9
DA:20,10
LF:17
LH:17
BRDA:5,0,0,0
BRDA:5,0,1,9
BRDA:7,1,0,9
BRDA:7,1,1,1
BRDA:9,2,0,8
BRDA:9,2,1,1
BRDA:9,3,0,8
BRDA:9,3,1,2
BRDA:9,4,0,8
BRDA:9,4,1,2
BRDA:12,5,0,1
BRDA:12,5,1,8
BRDA:15,6,0,1
BRDA:15,6,1,0
BRDA:16,7,0,1
BRDA:16,7,1,0
BRF:16
BRH:13
end_of_record
TN:
SF:js/solitaire/search.js
FN:5,clearFieldHighlights
FN:8,(anonymous_1)
FN:11,clearSearchDimming
FN:17,clearHighlights
FN:21,highlightGroup
FN:29,applyStreamVisibility
FN:30,(anonymous_6)
FN:39,resolveScopeFromTarget
FN:71,applySearchDimmingForMatches
FN:83,(anonymous_9)
FN:84,(anonymous_10)
FN:96,(anonymous_11)
FN:97,(anonymous_12)
FN:98,(anonymous_13)
FN:100,(anonymous_14)
FN:108,(anonymous_15)
FN:118,(anonymous_16)
FN:129,(anonymous_17)
FNF:18
FNH:18
FNDA:22,clearFieldHighlights
FNDA:4,(anonymous_1)
FNDA:35,clearSearchDimming
FNDA:8,clearHighlights
FNDA:7,highlightGroup
FNDA:5,applyStreamVisibility
FNDA:3,(anonymous_6)
FNDA:17,resolveScopeFromTarget
FNDA:17,applySearchDimmingForMatches
FNDA:17,(anonymous_9)
FNDA:11,(anonymous_10)
FNDA:32,(anonymous_11)
FNDA:32,(anonymous_12)
FNDA:12,(anonymous_13)
FNDA:2,(anonymous_14)
FNDA:2,(anonymous_15)
FNDA:2,(anonymous_16)
FNDA:5,(anonymous_17)
DA:3,4
DA:6,22
DA:8,4
DA:12,35
DA:13,35
DA:14,35
DA:18,8
DA:22,7
DA:23,7
DA:26,7
DA:30,5
DA:31,3
DA:32,3
DA:33,3
DA:34,3
DA:35,3
DA:40,17
DA:41,17
DA:42,17
DA:43,17
DA:44,5
DA:45,5
DA:46,5
DA:47,5
DA:49,12
DA:50,12
DA:51,2
DA:52,2
DA:53,2
DA:54,2
DA:56,10
DA:57,10
DA:58,2
DA:59,2
DA:60,2
DA:61,2
DA:63,8
DA:64,8
DA:65,2
DA:66,2
DA:68,6
DA:72,17
DA:73,17
DA:74,15
DA:76,15
DA:83,17
DA:84,15
DA:85,11
DA:86,2
DA:87,2
DA:88,2
DA:89,5
DA:93,15
DA:96,32
DA:97,32
DA:98,15
DA:100,15
DA:101,2
DA:102,2
DA:103,2
DA:104,2
DA:105,2
DA:108,15
DA:109,2
DA:110,2
DA:111,2
DA:112,2
DA:113,2
DA:114,2
DA:115,2
DA:118,15
DA:119,2
DA:120,2
DA:121,2
DA:122,2
DA:123,2
DA:124,2
DA:125,2
DA:126,2
DA:129,15
DA:130,5
DA:131,5
DA:132,5
DA:133,5
DA:134,5
DA:135,5
DA:136,5
DA:137,5
LF:88
LH:88
BRDA:23,0,0,7
BRDA:23,0,1,0
BRDA:26,1,0,7
BRDA:26,1,1,0
BRDA:34,2,0,3
BRDA:34,2,1,1
BRDA:35,3,0,2
BRDA:35,3,1,1
BRDA:35,4,0,3
BRDA:35,4,1,2
BRDA:40,5,0,17
BRDA:40,5,1,0
BRDA:41,6,0,0
BRDA:41,6,1,17
BRDA:43,7,0,5
BRDA:43,7,1,12
BRDA:50,8,0,2
BRDA:50,8,1,10
BRDA:57,9,0,2
BRDA:57,9,1,8
BRDA:64,10,0,2
BRDA:64,10,1,6
BRDA:73,11,0,2
BRDA:73,11,1,15
BRDA:73,12,0,17
BRDA:73,12,1,16
BRDA:85,13,0,2
BRDA:85,13,1,2
BRDA:85,13,2,2
BRDA:85,13,3,5
BRF:30
BRH:26
end_of_record
